[ 2015-11-07T00:50:29+08:00 ] 127.0.0.1 /index.php/User/index
INFO: [ app_init ] --START--
INFO: Run Behavior\BuildLiteBehavior [ RunTime:0.000038s ]
INFO: [ app_init ] --END-- [ RunTime:0.000846s ]
ERR: 无法加载模块:User

[ 2015-11-07T00:52:57+08:00 ] 127.0.0.1 /index.php/User/index
INFO: [ app_init ] --START--
INFO: Run Behavior\BuildLiteBehavior [ RunTime:0.000014s ]
INFO: [ app_init ] --END-- [ RunTime:0.000749s ]
ERR: 无法加载模块:User

[ 2015-11-07T00:59:25+08:00 ] ::1 /favicon.ico
INFO: [ app_init ] --START--
INFO: Run Behavior\BuildLiteBehavior [ RunTime:0.000011s ]
INFO: [ app_init ] --END-- [ RunTime:0.000261s ]
ERR: 无法加载模块:Favicon

[ 2015-11-07T01:02:22+08:00 ] 127.0.0.1 /Public/fonts/fonts/fontawesome-webfont-v=4.0.3.woff
INFO: [ app_init ] --START--
INFO: Run Behavior\BuildLiteBehavior [ RunTime:0.000010s ]
INFO: [ app_init ] --END-- [ RunTime:0.000192s ]
ERR: 无法加载模块:Public

[ 2015-11-07T01:02:52+08:00 ] 127.0.0.1 /Public/fonts/fonts/fontawesome-webfont-v=4.0.3.woff
INFO: [ app_init ] --START--
INFO: Run Behavior\BuildLiteBehavior [ RunTime:0.000015s ]
INFO: [ app_init ] --END-- [ RunTime:0.000325s ]
ERR: 无法加载模块:Public

[ 2015-11-07T01:02:52+08:00 ] 127.0.0.1 /Public/fonts/fonts/fontawesome-webfont-v=4.0.3.woff
INFO: [ app_init ] --START--
INFO: Run Behavior\BuildLiteBehavior [ RunTime:0.000012s ]
INFO: [ app_init ] --END-- [ RunTime:0.000348s ]
ERR: 无法加载模块:Public

[ 2015-11-07T01:02:53+08:00 ] 127.0.0.1 /Public/fonts/fonts/fontawesome-webfont-v=4.0.3.woff
INFO: [ app_init ] --START--
INFO: Run Behavior\BuildLiteBehavior [ RunTime:0.000018s ]
INFO: [ app_init ] --END-- [ RunTime:0.000957s ]
ERR: 无法加载模块:Public

[ 2015-11-07T01:03:18+08:00 ] 127.0.0.1 /Public/fonts/fonts/fontawesome-webfont-v=4.0.3.woff
INFO: [ app_init ] --START--
INFO: Run Behavior\BuildLiteBehavior [ RunTime:0.000021s ]
INFO: [ app_init ] --END-- [ RunTime:0.000457s ]
ERR: 无法加载模块:Public

[ 2015-11-07T01:03:20+08:00 ] 127.0.0.1 /Public/fonts/fonts/fontawesome-webfont-v=4.0.3.woff
INFO: [ app_init ] --START--
INFO: Run Behavior\BuildLiteBehavior [ RunTime:0.000015s ]
INFO: [ app_init ] --END-- [ RunTime:0.000336s ]
ERR: 无法加载模块:Public

[ 2015-11-07T01:13:13+08:00 ] 127.0.0.1 /Public/img/bgnoise_lg_dark.png
INFO: [ app_init ] --START--
INFO: Run Behavior\BuildLiteBehavior [ RunTime:0.000013s ]
INFO: [ app_init ] --END-- [ RunTime:0.000326s ]
ERR: 无法加载模块:Public

[ 2015-11-07T01:13:13+08:00 ] 127.0.0.1 /Public/fonts/fonts/fontawesome-webfont-v=4.0.3.woff
INFO: [ app_init ] --START--
INFO: Run Behavior\BuildLiteBehavior [ RunTime:0.000015s ]
INFO: [ app_init ] --END-- [ RunTime:0.000282s ]
ERR: 无法加载模块:Public

[ 2015-11-07T01:15:05+08:00 ] 127.0.0.1 /Public/fonts/fonts/fontawesome-webfont-v=4.0.3.woff
INFO: [ app_init ] --START--
INFO: Run Behavior\BuildLiteBehavior [ RunTime:0.000024s ]
INFO: [ app_init ] --END-- [ RunTime:0.000453s ]
ERR: 无法加载模块:Public

[ 2015-11-07T01:15:05+08:00 ] 127.0.0.1 /Public/img/bgnoise_lg_dark.png
INFO: [ app_init ] --START--
INFO: Run Behavior\BuildLiteBehavior [ RunTime:0.000016s ]
INFO: [ app_init ] --END-- [ RunTime:0.000370s ]
ERR: 无法加载模块:Public

[ 2015-11-07T01:16:11+08:00 ] 127.0.0.1 /Public/fonts/fonts/fontawesome-webfont-v=4.0.3.woff
INFO: [ app_init ] --START--
INFO: Run Behavior\BuildLiteBehavior [ RunTime:0.000013s ]
INFO: [ app_init ] --END-- [ RunTime:0.000421s ]
ERR: 无法加载模块:Public

[ 2015-11-07T01:19:11+08:00 ] 127.0.0.1 /Public/fonts/fonts/fontawesome-webfont-v=4.0.3.woff
INFO: [ app_init ] --START--
INFO: Run Behavior\BuildLiteBehavior [ RunTime:0.000009s ]
INFO: [ app_init ] --END-- [ RunTime:0.000195s ]
ERR: 无法加载模块:Public

[ 2015-11-07T01:19:13+08:00 ] 127.0.0.1 /Public/fonts/fonts/fontawesome-webfont-v=4.0.3.woff
INFO: [ app_init ] --START--
INFO: Run Behavior\BuildLiteBehavior [ RunTime:0.000017s ]
INFO: [ app_init ] --END-- [ RunTime:0.000450s ]
ERR: 无法加载模块:Public

[ 2015-11-07T01:19:15+08:00 ] 127.0.0.1 /Public/fonts/fonts/fontawesome-webfont-v=4.0.3.woff
INFO: [ app_init ] --START--
INFO: Run Behavior\BuildLiteBehavior [ RunTime:0.000017s ]
INFO: [ app_init ] --END-- [ RunTime:0.000364s ]
ERR: 无法加载模块:Public

[ 2015-11-07T01:19:36+08:00 ] 127.0.0.1 /Public/fonts/fonts/fontawesome-webfont-v=4.0.3.woff
INFO: [ app_init ] --START--
INFO: Run Behavior\BuildLiteBehavior [ RunTime:0.000010s ]
INFO: [ app_init ] --END-- [ RunTime:0.000198s ]
ERR: 无法加载模块:Public

[ 2015-11-07T01:21:12+08:00 ] 127.0.0.1 /Public/fonts/fonts/fontawesome-webfont-v=4.0.3.woff
INFO: [ app_init ] --START--
INFO: Run Behavior\BuildLiteBehavior [ RunTime:0.000009s ]
INFO: [ app_init ] --END-- [ RunTime:0.000190s ]
ERR: 无法加载模块:Public

[ 2015-11-07T01:23:00+08:00 ] 127.0.0.1 /Public/fonts/fonts/fontawesome-webfont-v=4.0.3.woff
INFO: [ app_init ] --START--
INFO: Run Behavior\BuildLiteBehavior [ RunTime:0.000016s ]
INFO: [ app_init ] --END-- [ RunTime:0.000355s ]
ERR: 无法加载模块:Public

[ 2015-11-07T01:23:09+08:00 ] 127.0.0.1 /Public/fonts/fonts/fontawesome-webfont-v=4.0.3.woff
INFO: [ app_init ] --START--
INFO: Run Behavior\BuildLiteBehavior [ RunTime:0.000017s ]
INFO: [ app_init ] --END-- [ RunTime:0.000525s ]
ERR: 无法加载模块:Public

[ 2015-11-07T01:23:14+08:00 ] 127.0.0.1 /Public/fonts/fonts/fontawesome-webfont-v=4.0.3.woff
INFO: [ app_init ] --START--
INFO: Run Behavior\BuildLiteBehavior [ RunTime:0.000016s ]
INFO: [ app_init ] --END-- [ RunTime:0.000432s ]
ERR: 无法加载模块:Public

[ 2015-11-07T01:23:18+08:00 ] 127.0.0.1 /Public/fonts/fonts/fontawesome-webfont-v=4.0.3.woff
INFO: [ app_init ] --START--
INFO: Run Behavior\BuildLiteBehavior [ RunTime:0.000026s ]
INFO: [ app_init ] --END-- [ RunTime:0.000833s ]
ERR: 无法加载模块:Public

[ 2015-11-07T01:23:28+08:00 ] 127.0.0.1 /Public/fonts/fonts/fontawesome-webfont-v=4.0.3.woff
INFO: [ app_init ] --START--
INFO: Run Behavior\BuildLiteBehavior [ RunTime:0.000020s ]
INFO: [ app_init ] --END-- [ RunTime:0.000532s ]
ERR: 无法加载模块:Public

[ 2015-11-07T01:24:09+08:00 ] 127.0.0.1 /Public/fonts/fonts/fontawesome-webfont-v=4.0.3.woff
INFO: [ app_init ] --START--
INFO: Run Behavior\BuildLiteBehavior [ RunTime:0.000021s ]
INFO: [ app_init ] --END-- [ RunTime:0.000450s ]
ERR: 无法加载模块:Public

[ 2015-11-07T01:33:39+08:00 ] 127.0.0.1 /Public/fonts/fonts/fontawesome-webfont-v=4.0.3.woff
INFO: [ app_init ] --START--
INFO: Run Behavior\BuildLiteBehavior [ RunTime:0.000011s ]
INFO: [ app_init ] --END-- [ RunTime:0.000222s ]
ERR: 无法加载模块:Public

[ 2015-11-07T02:09:08+08:00 ] 127.0.0.1 /Public/fonts/fonts/fontawesome-webfont-v=4.0.3.woff
INFO: [ app_init ] --START--
INFO: Run Behavior\BuildLiteBehavior [ RunTime:0.000017s ]
INFO: [ app_init ] --END-- [ RunTime:0.000319s ]
ERR: 无法加载模块:Public

[ 2015-11-07T02:10:44+08:00 ] 127.0.0.1 /Public/fonts/fonts/fontawesome-webfont-v=4.0.3.woff
INFO: [ app_init ] --START--
INFO: Run Behavior\BuildLiteBehavior [ RunTime:0.000016s ]
INFO: [ app_init ] --END-- [ RunTime:0.000339s ]
ERR: 无法加载模块:Public

[ 2015-11-07T02:14:36+08:00 ] 127.0.0.1 /Public/fonts/fonts/fontawesome-webfont-v=4.0.3.woff
INFO: [ app_init ] --START--
INFO: Run Behavior\BuildLiteBehavior [ RunTime:0.000014s ]
INFO: [ app_init ] --END-- [ RunTime:0.001290s ]
ERR: 无法加载模块:Public

[ 2015-11-07T02:15:51+08:00 ] 127.0.0.1 /Public/fonts/fonts/fontawesome-webfont-v=4.0.3.woff
INFO: [ app_init ] --START--
INFO: Run Behavior\BuildLiteBehavior [ RunTime:0.000015s ]
INFO: [ app_init ] --END-- [ RunTime:0.000340s ]
ERR: 无法加载模块:Public

[ 2015-11-07T02:15:56+08:00 ] 127.0.0.1 /Public/fonts/fonts/fontawesome-webfont-v=4.0.3.woff
INFO: [ app_init ] --START--
INFO: Run Behavior\BuildLiteBehavior [ RunTime:0.000020s ]
INFO: [ app_init ] --END-- [ RunTime:0.000415s ]
ERR: 无法加载模块:Public

[ 2015-11-07T02:20:29+08:00 ] 127.0.0.1 /Public/fonts/fonts/fontawesome-webfont-v=4.0.3.woff
INFO: [ app_init ] --START--
INFO: Run Behavior\BuildLiteBehavior [ RunTime:0.000018s ]
INFO: [ app_init ] --END-- [ RunTime:0.000363s ]
ERR: 无法加载模块:Public

[ 2015-11-07T02:56:02+08:00 ] 127.0.0.1 /Public/fonts/fonts/fontawesome-webfont-v=4.0.3.woff
INFO: [ app_init ] --START--
INFO: Run Behavior\BuildLiteBehavior [ RunTime:0.000012s ]
INFO: [ app_init ] --END-- [ RunTime:0.000205s ]
ERR: 无法加载模块:Public

[ 2015-11-07T03:00:43+08:00 ] 127.0.0.1 /Public/fonts/fonts/fontawesome-webfont-v=4.0.3.woff
INFO: [ app_init ] --START--
INFO: Run Behavior\BuildLiteBehavior [ RunTime:0.000021s ]
INFO: [ app_init ] --END-- [ RunTime:0.001056s ]
ERR: 无法加载模块:Public

[ 2015-11-07T03:01:02+08:00 ] 127.0.0.1 /Public/fonts/fonts/fontawesome-webfont-v=4.0.3.woff
INFO: [ app_init ] --START--
INFO: Run Behavior\BuildLiteBehavior [ RunTime:0.000014s ]
INFO: [ app_init ] --END-- [ RunTime:0.000302s ]
ERR: 无法加载模块:Public

[ 2015-11-07T03:01:25+08:00 ] 127.0.0.1 /Public/fonts/fonts/fontawesome-webfont-v=4.0.3.woff
INFO: [ app_init ] --START--
INFO: Run Behavior\BuildLiteBehavior [ RunTime:0.000019s ]
INFO: [ app_init ] --END-- [ RunTime:0.000427s ]
ERR: 无法加载模块:Public

[ 2015-11-07T03:01:51+08:00 ] 127.0.0.1 /Public/fonts/fonts/fontawesome-webfont-v=4.0.3.woff
INFO: [ app_init ] --START--
INFO: Run Behavior\BuildLiteBehavior [ RunTime:0.000027s ]
INFO: [ app_init ] --END-- [ RunTime:0.000446s ]
ERR: 无法加载模块:Public

[ 2015-11-07T03:02:01+08:00 ] 127.0.0.1 /Public/fonts/fonts/fontawesome-webfont-v=4.0.3.woff
INFO: [ app_init ] --START--
INFO: Run Behavior\BuildLiteBehavior [ RunTime:0.000008s ]
INFO: [ app_init ] --END-- [ RunTime:0.000183s ]
ERR: 无法加载模块:Public

[ 2015-11-07T03:03:37+08:00 ] 127.0.0.1 /Public/fonts/fonts/fontawesome-webfont-v=4.0.3.woff
INFO: [ app_init ] --START--
INFO: Run Behavior\BuildLiteBehavior [ RunTime:0.000010s ]
INFO: [ app_init ] --END-- [ RunTime:0.000200s ]
ERR: 无法加载模块:Public

[ 2015-11-07T03:05:27+08:00 ] ::1 /Public/fonts/fonts/fontawesome-webfont-v=4.0.3.woff
INFO: [ app_init ] --START--
INFO: Run Behavior\BuildLiteBehavior [ RunTime:0.000015s ]
INFO: [ app_init ] --END-- [ RunTime:0.000381s ]
ERR: 无法加载模块:Public

[ 2015-11-07T03:05:41+08:00 ] ::1 /Public/fonts/fonts/fontawesome-webfont-v=4.0.3.woff
INFO: [ app_init ] --START--
INFO: Run Behavior\BuildLiteBehavior [ RunTime:0.000014s ]
INFO: [ app_init ] --END-- [ RunTime:0.000371s ]
ERR: 无法加载模块:Public

[ 2015-11-07T03:05:55+08:00 ] ::1 /Public/fonts/fonts/fontawesome-webfont-v=4.0.3.woff
INFO: [ app_init ] --START--
INFO: Run Behavior\BuildLiteBehavior [ RunTime:0.000034s ]
INFO: [ app_init ] --END-- [ RunTime:0.000996s ]
ERR: 无法加载模块:Public

[ 2015-11-07T03:06:03+08:00 ] ::1 /Public/fonts/fonts/fontawesome-webfont-v=4.0.3.woff
INFO: [ app_init ] --START--
INFO: Run Behavior\BuildLiteBehavior [ RunTime:0.000018s ]
INFO: [ app_init ] --END-- [ RunTime:0.000450s ]
ERR: 无法加载模块:Public

[ 2015-11-07T03:07:08+08:00 ] ::1 /Public/fonts/fonts/fontawesome-webfont-v=4.0.3.woff
INFO: [ app_init ] --START--
INFO: Run Behavior\BuildLiteBehavior [ RunTime:0.000019s ]
INFO: [ app_init ] --END-- [ RunTime:0.000396s ]
ERR: 无法加载模块:Public

[ 2015-11-07T03:07:32+08:00 ] ::1 /Public/fonts/fonts/fontawesome-webfont-v=4.0.3.woff
INFO: [ app_init ] --START--
INFO: Run Behavior\BuildLiteBehavior [ RunTime:0.000009s ]
INFO: [ app_init ] --END-- [ RunTime:0.000179s ]
ERR: 无法加载模块:Public

[ 2015-11-07T03:09:10+08:00 ] ::1 /Public/fonts/fonts/fontawesome-webfont-v=4.0.3.woff
INFO: [ app_init ] --START--
INFO: Run Behavior\BuildLiteBehavior [ RunTime:0.000019s ]
INFO: [ app_init ] --END-- [ RunTime:0.000709s ]
ERR: 无法加载模块:Public

[ 2015-11-07T03:09:44+08:00 ] ::1 /Public/fonts/fonts/fontawesome-webfont-v=4.0.3.woff
INFO: [ app_init ] --START--
INFO: Run Behavior\BuildLiteBehavior [ RunTime:0.000014s ]
INFO: [ app_init ] --END-- [ RunTime:0.000270s ]
ERR: 无法加载模块:Public

[ 2015-11-07T03:10:22+08:00 ] ::1 /Public/fonts/fonts/fontawesome-webfont-v=4.0.3.woff
INFO: [ app_init ] --START--
INFO: Run Behavior\BuildLiteBehavior [ RunTime:0.000015s ]
INFO: [ app_init ] --END-- [ RunTime:0.000359s ]
ERR: 无法加载模块:Public

[ 2015-11-07T03:10:24+08:00 ] ::1 /Public/fonts/fonts/fontawesome-webfont-v=4.0.3.woff
INFO: [ app_init ] --START--
INFO: Run Behavior\BuildLiteBehavior [ RunTime:0.000040s ]
INFO: [ app_init ] --END-- [ RunTime:0.000247s ]
ERR: 无法加载模块:Public

[ 2015-11-07T03:10:39+08:00 ] ::1 /Public/fonts/fonts/fontawesome-webfont-v=4.0.3.woff
INFO: [ app_init ] --START--
INFO: Run Behavior\BuildLiteBehavior [ RunTime:0.000015s ]
INFO: [ app_init ] --END-- [ RunTime:0.000294s ]
ERR: 无法加载模块:Public

[ 2015-11-07T03:10:40+08:00 ] ::1 /Public/fonts/fonts/fontawesome-webfont-v=4.0.3.woff
INFO: [ app_init ] --START--
INFO: Run Behavior\BuildLiteBehavior [ RunTime:0.000024s ]
INFO: [ app_init ] --END-- [ RunTime:0.000594s ]
ERR: 无法加载模块:Public

[ 2015-11-07T08:24:17+08:00 ] 127.0.0.1 /Public/fonts/fonts/fontawesome-webfont-v=4.0.3.woff
INFO: [ app_init ] --START--
INFO: Run Behavior\BuildLiteBehavior [ RunTime:0.000015s ]
INFO: [ app_init ] --END-- [ RunTime:0.000346s ]
ERR: 无法加载模块:Public

[ 2015-11-07T08:38:06+08:00 ] 127.0.0.1 /Public/fonts/fonts/fontawesome-webfont-v=4.0.3.woff
INFO: [ app_init ] --START--
INFO: Run Behavior\BuildLiteBehavior [ RunTime:0.000015s ]
INFO: [ app_init ] --END-- [ RunTime:0.000270s ]
ERR: 无法加载模块:Public

[ 2015-11-07T08:38:09+08:00 ] 127.0.0.1 /Public/fonts/fonts/fontawesome-webfont-v=4.0.3.woff
INFO: [ app_init ] --START--
INFO: Run Behavior\BuildLiteBehavior [ RunTime:0.000011s ]
INFO: [ app_init ] --END-- [ RunTime:0.000204s ]
ERR: 无法加载模块:Public

[ 2015-11-07T08:38:16+08:00 ] 127.0.0.1 /Public/fonts/fonts/fontawesome-webfont-v=4.0.3.woff
INFO: [ app_init ] --START--
INFO: Run Behavior\BuildLiteBehavior [ RunTime:0.000018s ]
INFO: [ app_init ] --END-- [ RunTime:0.000351s ]
ERR: 无法加载模块:Public

[ 2015-11-07T08:38:20+08:00 ] 127.0.0.1 /Public/fonts/fonts/fontawesome-webfont-v=4.0.3.woff
INFO: [ app_init ] --START--
INFO: Run Behavior\BuildLiteBehavior [ RunTime:0.000045s ]
INFO: [ app_init ] --END-- [ RunTime:0.000544s ]
ERR: 无法加载模块:Public

[ 2015-11-07T08:38:23+08:00 ] 127.0.0.1 /Public/fonts/fonts/fontawesome-webfont-v=4.0.3.woff
INFO: [ app_init ] --START--
INFO: Run Behavior\BuildLiteBehavior [ RunTime:0.000017s ]
INFO: [ app_init ] --END-- [ RunTime:0.000359s ]
ERR: 无法加载模块:Public

[ 2015-11-07T08:38:33+08:00 ] 127.0.0.1 /Public/fonts/fonts/fontawesome-webfont-v=4.0.3.woff
INFO: [ app_init ] --START--
INFO: Run Behavior\BuildLiteBehavior [ RunTime:0.000009s ]
INFO: [ app_init ] --END-- [ RunTime:0.000191s ]
ERR: 无法加载模块:Public

[ 2015-11-07T08:39:05+08:00 ] 127.0.0.1 /Public/fonts/fonts/fontawesome-webfont-v=4.0.3.woff
INFO: [ app_init ] --START--
INFO: Run Behavior\BuildLiteBehavior [ RunTime:0.000019s ]
INFO: [ app_init ] --END-- [ RunTime:0.001645s ]
ERR: 无法加载模块:Public

[ 2015-11-07T08:43:35+08:00 ] 127.0.0.1 /Public/fonts/fonts/fontawesome-webfont-v=4.0.3.woff
INFO: [ app_init ] --START--
INFO: Run Behavior\BuildLiteBehavior [ RunTime:0.000010s ]
INFO: [ app_init ] --END-- [ RunTime:0.000207s ]
ERR: 无法加载模块:Public

[ 2015-11-07T08:45:13+08:00 ] 127.0.0.1 /Public/fonts/fonts/fontawesome-webfont-v=4.0.3.woff
INFO: [ app_init ] --START--
INFO: Run Behavior\BuildLiteBehavior [ RunTime:0.000009s ]
INFO: [ app_init ] --END-- [ RunTime:0.000197s ]
ERR: 无法加载模块:Public

[ 2015-11-07T08:46:09+08:00 ] 127.0.0.1 /Public/fonts/fonts/fontawesome-webfont-v=4.0.3.woff
INFO: [ app_init ] --START--
INFO: Run Behavior\BuildLiteBehavior [ RunTime:0.000009s ]
INFO: [ app_init ] --END-- [ RunTime:0.000331s ]
ERR: 无法加载模块:Public

[ 2015-11-07T08:46:21+08:00 ] 127.0.0.1 /Public/fonts/fonts/fontawesome-webfont-v=4.0.3.woff
INFO: [ app_init ] --START--
INFO: Run Behavior\BuildLiteBehavior [ RunTime:0.000053s ]
INFO: [ app_init ] --END-- [ RunTime:0.000332s ]
ERR: 无法加载模块:Public

[ 2015-11-07T08:51:53+08:00 ] 127.0.0.1 /Public/fonts/fonts/fontawesome-webfont-v=4.0.3.woff
INFO: [ app_init ] --START--
INFO: Run Behavior\BuildLiteBehavior [ RunTime:0.000008s ]
INFO: [ app_init ] --END-- [ RunTime:0.000178s ]
ERR: 无法加载模块:Public

[ 2015-11-07T08:51:54+08:00 ] 127.0.0.1 /Public/fonts/fonts/fontawesome-webfont-v=4.0.3.woff
INFO: [ app_init ] --START--
INFO: Run Behavior\BuildLiteBehavior [ RunTime:0.000010s ]
INFO: [ app_init ] --END-- [ RunTime:0.000214s ]
ERR: 无法加载模块:Public

[ 2015-11-07T08:52:45+08:00 ] 127.0.0.1 /Public/fonts/fonts/fontawesome-webfont-v=4.0.3.woff
INFO: [ app_init ] --START--
INFO: Run Behavior\BuildLiteBehavior [ RunTime:0.000010s ]
INFO: [ app_init ] --END-- [ RunTime:0.000242s ]
ERR: 无法加载模块:Public

[ 2015-11-07T08:53:02+08:00 ] 127.0.0.1 /Public/fonts/fonts/fontawesome-webfont-v=4.0.3.woff
INFO: [ app_init ] --START--
INFO: Run Behavior\BuildLiteBehavior [ RunTime:0.000010s ]
INFO: [ app_init ] --END-- [ RunTime:0.000249s ]
ERR: 无法加载模块:Public

[ 2015-11-07T08:56:37+08:00 ] 127.0.0.1 /Public/fonts/fonts/fontawesome-webfont-v=4.0.3.woff
INFO: [ app_init ] --START--
INFO: Run Behavior\BuildLiteBehavior [ RunTime:0.000042s ]
INFO: [ app_init ] --END-- [ RunTime:0.000492s ]
ERR: 无法加载模块:Public

[ 2015-11-07T08:57:59+08:00 ] 127.0.0.1 /Public/fonts/fonts/fontawesome-webfont-v=4.0.3.woff
INFO: [ app_init ] --START--
INFO: Run Behavior\BuildLiteBehavior [ RunTime:0.000017s ]
INFO: [ app_init ] --END-- [ RunTime:0.000275s ]
ERR: 无法加载模块:Public

[ 2015-11-07T08:59:27+08:00 ] 127.0.0.1 /Public/fonts/fonts/fontawesome-webfont-v=4.0.3.woff
INFO: [ app_init ] --START--
INFO: Run Behavior\BuildLiteBehavior [ RunTime:0.000009s ]
INFO: [ app_init ] --END-- [ RunTime:0.000191s ]
ERR: 无法加载模块:Public

[ 2015-11-07T09:01:44+08:00 ] 127.0.0.1 /Public/fonts/fonts/fontawesome-webfont-v=4.0.3.woff
INFO: [ app_init ] --START--
INFO: Run Behavior\BuildLiteBehavior [ RunTime:0.000010s ]
INFO: [ app_init ] --END-- [ RunTime:0.000205s ]
ERR: 无法加载模块:Public

[ 2015-11-07T09:01:45+08:00 ] 127.0.0.1 /Public/fonts/fonts/fontawesome-webfont-v=4.0.3.woff
INFO: [ app_init ] --START--
INFO: Run Behavior\BuildLiteBehavior [ RunTime:0.000010s ]
INFO: [ app_init ] --END-- [ RunTime:0.000192s ]
ERR: 无法加载模块:Public

[ 2015-11-07T09:02:28+08:00 ] 127.0.0.1 /Public/fonts/fonts/fontawesome-webfont-v=4.0.3.woff
INFO: [ app_init ] --START--
INFO: Run Behavior\BuildLiteBehavior [ RunTime:0.000009s ]
INFO: [ app_init ] --END-- [ RunTime:0.000196s ]
ERR: 无法加载模块:Public

[ 2015-11-07T09:07:56+08:00 ] 127.0.0.1 /Public/fonts/fonts/fontawesome-webfont-v=4.0.3.woff
INFO: [ app_init ] --START--
INFO: Run Behavior\BuildLiteBehavior [ RunTime:0.000010s ]
INFO: [ app_init ] --END-- [ RunTime:0.000204s ]
ERR: 无法加载模块:Public

[ 2015-11-07T09:08:31+08:00 ] 127.0.0.1 /Public/fonts/fonts/fontawesome-webfont-v=4.0.3.woff
INFO: [ app_init ] --START--
INFO: Run Behavior\BuildLiteBehavior [ RunTime:0.000013s ]
INFO: [ app_init ] --END-- [ RunTime:0.000287s ]
ERR: 无法加载模块:Public

[ 2015-11-07T09:10:28+08:00 ] 127.0.0.1 /Public/fonts/fonts/fontawesome-webfont-v=4.0.3.woff
INFO: [ app_init ] --START--
INFO: Run Behavior\BuildLiteBehavior [ RunTime:0.000018s ]
INFO: [ app_init ] --END-- [ RunTime:0.000305s ]
ERR: 无法加载模块:Public

[ 2015-11-07T09:10:32+08:00 ] 127.0.0.1 /Public/fonts/fonts/fontawesome-webfont-v=4.0.3.woff
INFO: [ app_init ] --START--
INFO: Run Behavior\BuildLiteBehavior [ RunTime:0.000035s ]
INFO: [ app_init ] --END-- [ RunTime:0.000619s ]
ERR: 无法加载模块:Public

[ 2015-11-07T09:10:41+08:00 ] 127.0.0.1 /Public/fonts/fonts/fontawesome-webfont-v=4.0.3.woff
INFO: [ app_init ] --START--
INFO: Run Behavior\BuildLiteBehavior [ RunTime:0.000010s ]
INFO: [ app_init ] --END-- [ RunTime:0.000200s ]
ERR: 无法加载模块:Public

[ 2015-11-07T09:12:00+08:00 ] 127.0.0.1 /Public/fonts/fonts/fontawesome-webfont-v=4.0.3.woff
INFO: [ app_init ] --START--
INFO: Run Behavior\BuildLiteBehavior [ RunTime:0.000015s ]
INFO: [ app_init ] --END-- [ RunTime:0.000320s ]
ERR: 无法加载模块:Public

[ 2015-11-07T09:12:21+08:00 ] 127.0.0.1 /Public/fonts/fonts/fontawesome-webfont-v=4.0.3.woff
INFO: [ app_init ] --START--
INFO: Run Behavior\BuildLiteBehavior [ RunTime:0.000028s ]
INFO: [ app_init ] --END-- [ RunTime:0.000679s ]
ERR: 无法加载模块:Public

[ 2015-11-07T09:13:04+08:00 ] 127.0.0.1 /Public/fonts/fonts/fontawesome-webfont-v=4.0.3.woff
INFO: [ app_init ] --START--
INFO: Run Behavior\BuildLiteBehavior [ RunTime:0.000010s ]
INFO: [ app_init ] --END-- [ RunTime:0.000227s ]
ERR: 无法加载模块:Public

[ 2015-11-07T09:13:20+08:00 ] 127.0.0.1 /Public/fonts/fonts/fontawesome-webfont-v=4.0.3.woff
INFO: [ app_init ] --START--
INFO: Run Behavior\BuildLiteBehavior [ RunTime:0.000024s ]
INFO: [ app_init ] --END-- [ RunTime:0.000464s ]
ERR: 无法加载模块:Public

[ 2015-11-07T09:13:36+08:00 ] 127.0.0.1 /Public/fonts/fonts/fontawesome-webfont-v=4.0.3.woff
INFO: [ app_init ] --START--
INFO: Run Behavior\BuildLiteBehavior [ RunTime:0.000015s ]
INFO: [ app_init ] --END-- [ RunTime:0.000321s ]
ERR: 无法加载模块:Public

[ 2015-11-07T09:25:07+08:00 ] 127.0.0.1 /Public/fonts/fonts/fontawesome-webfont-v=4.0.3.woff
INFO: [ app_init ] --START--
INFO: Run Behavior\BuildLiteBehavior [ RunTime:0.000010s ]
INFO: [ app_init ] --END-- [ RunTime:0.000205s ]
ERR: 无法加载模块:Public

[ 2015-11-07T09:25:46+08:00 ] 127.0.0.1 /Public/fonts/fonts/fontawesome-webfont-v=4.0.3.woff
INFO: [ app_init ] --START--
INFO: Run Behavior\BuildLiteBehavior [ RunTime:0.000010s ]
INFO: [ app_init ] --END-- [ RunTime:0.000191s ]
ERR: 无法加载模块:Public

[ 2015-11-07T09:31:02+08:00 ] 127.0.0.1 /Public/fonts/fonts/fontawesome-webfont-v=4.0.3.woff
INFO: [ app_init ] --START--
INFO: Run Behavior\BuildLiteBehavior [ RunTime:0.000015s ]
INFO: [ app_init ] --END-- [ RunTime:0.000293s ]
ERR: 无法加载模块:Public

[ 2015-11-07T09:31:03+08:00 ] 127.0.0.1 /Public/fonts/fonts/fontawesome-webfont-v=4.0.3.woff
INFO: [ app_init ] --START--
INFO: Run Behavior\BuildLiteBehavior [ RunTime:0.000024s ]
INFO: [ app_init ] --END-- [ RunTime:0.000458s ]
ERR: 无法加载模块:Public

[ 2015-11-07T09:34:12+08:00 ] 127.0.0.1 /Public/fonts/fonts/fontawesome-webfont-v=4.0.3.woff
INFO: [ app_init ] --START--
INFO: Run Behavior\BuildLiteBehavior [ RunTime:0.000010s ]
INFO: [ app_init ] --END-- [ RunTime:0.000245s ]
ERR: 无法加载模块:Public

[ 2015-11-07T09:35:14+08:00 ] 127.0.0.1 /Public/fonts/fonts/fontawesome-webfont-v=4.0.3.woff
INFO: [ app_init ] --START--
INFO: Run Behavior\BuildLiteBehavior [ RunTime:0.000009s ]
INFO: [ app_init ] --END-- [ RunTime:0.000200s ]
ERR: 无法加载模块:Public

[ 2015-11-07T09:38:46+08:00 ] 127.0.0.1 /Public/fonts/fonts/fontawesome-webfont-v=4.0.3.woff
INFO: [ app_init ] --START--
INFO: Run Behavior\BuildLiteBehavior [ RunTime:0.000010s ]
INFO: [ app_init ] --END-- [ RunTime:0.000198s ]
ERR: 无法加载模块:Public

[ 2015-11-07T09:52:53+08:00 ] 127.0.0.1 /Public/fonts/fonts/fontawesome-webfont-v=4.0.3.woff
INFO: [ app_init ] --START--
INFO: Run Behavior\BuildLiteBehavior [ RunTime:0.000010s ]
INFO: [ app_init ] --END-- [ RunTime:0.000195s ]
ERR: 无法加载模块:Public

[ 2015-11-07T09:53:18+08:00 ] 127.0.0.1 /Public/fonts/fonts/fontawesome-webfont-v=4.0.3.woff
INFO: [ app_init ] --START--
INFO: Run Behavior\BuildLiteBehavior [ RunTime:0.000010s ]
INFO: [ app_init ] --END-- [ RunTime:0.000204s ]
ERR: 无法加载模块:Public

[ 2015-11-07T09:53:25+08:00 ] 127.0.0.1 /Public/fonts/fonts/fontawesome-webfont-v=4.0.3.woff
INFO: [ app_init ] --START--
INFO: Run Behavior\BuildLiteBehavior [ RunTime:0.000034s ]
INFO: [ app_init ] --END-- [ RunTime:0.001139s ]
ERR: 无法加载模块:Public

[ 2015-11-07T09:54:08+08:00 ] 127.0.0.1 /Public/fonts/fonts/fontawesome-webfont-v=4.0.3.woff
INFO: [ app_init ] --START--
INFO: Run Behavior\BuildLiteBehavior [ RunTime:0.000241s ]
INFO: [ app_init ] --END-- [ RunTime:0.000638s ]
ERR: 无法加载模块:Public

[ 2015-11-07T09:54:10+08:00 ] 127.0.0.1 /Public/fonts/fonts/fontawesome-webfont-v=4.0.3.woff
INFO: [ app_init ] --START--
INFO: Run Behavior\BuildLiteBehavior [ RunTime:0.000044s ]
INFO: [ app_init ] --END-- [ RunTime:0.000444s ]
ERR: 无法加载模块:Public

[ 2015-11-07T09:54:12+08:00 ] 127.0.0.1 /Public/fonts/fonts/fontawesome-webfont-v=4.0.3.woff
INFO: [ app_init ] --START--
INFO: Run Behavior\BuildLiteBehavior [ RunTime:0.000010s ]
INFO: [ app_init ] --END-- [ RunTime:0.000206s ]
ERR: 无法加载模块:Public

[ 2015-11-07T09:55:08+08:00 ] 127.0.0.1 /Public/fonts/fonts/fontawesome-webfont-v=4.0.3.woff
INFO: [ app_init ] --START--
INFO: Run Behavior\BuildLiteBehavior [ RunTime:0.000027s ]
INFO: [ app_init ] --END-- [ RunTime:0.000606s ]
ERR: 无法加载模块:Public

[ 2015-11-07T09:55:56+08:00 ] 127.0.0.1 /Public/fonts/fonts/fontawesome-webfont-v=4.0.3.woff
INFO: [ app_init ] --START--
INFO: Run Behavior\BuildLiteBehavior [ RunTime:0.000015s ]
INFO: [ app_init ] --END-- [ RunTime:0.000279s ]
ERR: 无法加载模块:Public

[ 2015-11-07T09:56:05+08:00 ] 127.0.0.1 /Public/fonts/fonts/fontawesome-webfont-v=4.0.3.woff
INFO: [ app_init ] --START--
INFO: Run Behavior\BuildLiteBehavior [ RunTime:0.000014s ]
INFO: [ app_init ] --END-- [ RunTime:0.000330s ]
ERR: 无法加载模块:Public

[ 2015-11-07T09:56:08+08:00 ] 127.0.0.1 /Public/fonts/fonts/fontawesome-webfont-v=4.0.3.woff
INFO: [ app_init ] --START--
INFO: Run Behavior\BuildLiteBehavior [ RunTime:0.000011s ]
INFO: [ app_init ] --END-- [ RunTime:0.000214s ]
ERR: 无法加载模块:Public

[ 2015-11-07T09:56:10+08:00 ] 127.0.0.1 /Public/fonts/fonts/fontawesome-webfont-v=4.0.3.woff
INFO: [ app_init ] --START--
INFO: Run Behavior\BuildLiteBehavior [ RunTime:0.000010s ]
INFO: [ app_init ] --END-- [ RunTime:0.000213s ]
ERR: 无法加载模块:Public

[ 2015-11-07T09:57:49+08:00 ] 127.0.0.1 /Public/fonts/fonts/fontawesome-webfont-v=4.0.3.woff
INFO: [ app_init ] --START--
INFO: Run Behavior\BuildLiteBehavior [ RunTime:0.000047s ]
INFO: [ app_init ] --END-- [ RunTime:0.000713s ]
ERR: 无法加载模块:Public

[ 2015-11-07T10:01:19+08:00 ] 127.0.0.1 /Public/fonts/fonts/fontawesome-webfont-v=4.0.3.woff
INFO: [ app_init ] --START--
INFO: Run Behavior\BuildLiteBehavior [ RunTime:0.000016s ]
INFO: [ app_init ] --END-- [ RunTime:0.000309s ]
ERR: 无法加载模块:Public

[ 2015-11-07T10:01:22+08:00 ] 127.0.0.1 /Public/fonts/fonts/fontawesome-webfont-v=4.0.3.woff
INFO: [ app_init ] --START--
INFO: Run Behavior\BuildLiteBehavior [ RunTime:0.000024s ]
INFO: [ app_init ] --END-- [ RunTime:0.000464s ]
ERR: 无法加载模块:Public

[ 2015-11-07T10:01:23+08:00 ] 127.0.0.1 /Public/fonts/fonts/fontawesome-webfont-v=4.0.3.woff
INFO: [ app_init ] --START--
INFO: Run Behavior\BuildLiteBehavior [ RunTime:0.000025s ]
INFO: [ app_init ] --END-- [ RunTime:0.000491s ]
ERR: 无法加载模块:Public

[ 2015-11-07T10:01:24+08:00 ] 127.0.0.1 /Public/fonts/fonts/fontawesome-webfont-v=4.0.3.woff
INFO: [ app_init ] --START--
INFO: Run Behavior\BuildLiteBehavior [ RunTime:0.000017s ]
INFO: [ app_init ] --END-- [ RunTime:0.000322s ]
ERR: 无法加载模块:Public

[ 2015-11-07T10:01:57+08:00 ] 127.0.0.1 /Public/fonts/fonts/fontawesome-webfont-v=4.0.3.woff
INFO: [ app_init ] --START--
INFO: Run Behavior\BuildLiteBehavior [ RunTime:0.000011s ]
INFO: [ app_init ] --END-- [ RunTime:0.000201s ]
ERR: 无法加载模块:Public

[ 2015-11-07T10:03:18+08:00 ] 127.0.0.1 /Public/fonts/fonts/fontawesome-webfont-v=4.0.3.woff
INFO: [ app_init ] --START--
INFO: Run Behavior\BuildLiteBehavior [ RunTime:0.000011s ]
INFO: [ app_init ] --END-- [ RunTime:0.000210s ]
ERR: 无法加载模块:Public

[ 2015-11-07T10:09:03+08:00 ] 127.0.0.1 /Public/fonts/fonts/fontawesome-webfont-v=4.0.3.woff
INFO: [ app_init ] --START--
INFO: Run Behavior\BuildLiteBehavior [ RunTime:0.000009s ]
INFO: [ app_init ] --END-- [ RunTime:0.000194s ]
ERR: 无法加载模块:Public

[ 2015-11-07T10:09:10+08:00 ] 127.0.0.1 /Public/fonts/fonts/fontawesome-webfont-v=4.0.3.woff
INFO: [ app_init ] --START--
INFO: Run Behavior\BuildLiteBehavior [ RunTime:0.000022s ]
INFO: [ app_init ] --END-- [ RunTime:0.000358s ]
ERR: 无法加载模块:Public

[ 2015-11-07T10:09:12+08:00 ] 127.0.0.1 /Public/fonts/fonts/fontawesome-webfont-v=4.0.3.woff
INFO: [ app_init ] --START--
INFO: Run Behavior\BuildLiteBehavior [ RunTime:0.000015s ]
INFO: [ app_init ] --END-- [ RunTime:0.000271s ]
ERR: 无法加载模块:Public

[ 2015-11-07T10:09:23+08:00 ] 127.0.0.1 /Public/fonts/fonts/fontawesome-webfont-v=4.0.3.woff
INFO: [ app_init ] --START--
INFO: Run Behavior\BuildLiteBehavior [ RunTime:0.000015s ]
INFO: [ app_init ] --END-- [ RunTime:0.000288s ]
ERR: 无法加载模块:Public

[ 2015-11-07T10:09:36+08:00 ] 127.0.0.1 /Public/fonts/fonts/fontawesome-webfont-v=4.0.3.woff
INFO: [ app_init ] --START--
INFO: Run Behavior\BuildLiteBehavior [ RunTime:0.000016s ]
INFO: [ app_init ] --END-- [ RunTime:0.000400s ]
ERR: 无法加载模块:Public

[ 2015-11-07T10:10:24+08:00 ] 127.0.0.1 /Public/fonts/fonts/fontawesome-webfont-v=4.0.3.woff
INFO: [ app_init ] --START--
INFO: Run Behavior\BuildLiteBehavior [ RunTime:0.000010s ]
INFO: [ app_init ] --END-- [ RunTime:0.000209s ]
ERR: 无法加载模块:Public

[ 2015-11-07T10:10:31+08:00 ] 127.0.0.1 /Public/fonts/fonts/fontawesome-webfont-v=4.0.3.woff
INFO: [ app_init ] --START--
INFO: Run Behavior\BuildLiteBehavior [ RunTime:0.000018s ]
INFO: [ app_init ] --END-- [ RunTime:0.000385s ]
ERR: 无法加载模块:Public

[ 2015-11-07T10:13:05+08:00 ] 127.0.0.1 /Public/fonts/fonts/fontawesome-webfont-v=4.0.3.woff
INFO: [ app_init ] --START--
INFO: Run Behavior\BuildLiteBehavior [ RunTime:0.000017s ]
INFO: [ app_init ] --END-- [ RunTime:0.000417s ]
ERR: 无法加载模块:Public

[ 2015-11-07T10:13:08+08:00 ] 127.0.0.1 /Public/fonts/fonts/fontawesome-webfont-v=4.0.3.woff
INFO: [ app_init ] --START--
INFO: Run Behavior\BuildLiteBehavior [ RunTime:0.000010s ]
INFO: [ app_init ] --END-- [ RunTime:0.000200s ]
ERR: 无法加载模块:Public

[ 2015-11-07T10:13:09+08:00 ] 127.0.0.1 /Public/fonts/fonts/fontawesome-webfont-v=4.0.3.woff
INFO: [ app_init ] --START--
INFO: Run Behavior\BuildLiteBehavior [ RunTime:0.000024s ]
INFO: [ app_init ] --END-- [ RunTime:0.000570s ]
ERR: 无法加载模块:Public

[ 2015-11-07T10:13:10+08:00 ] 127.0.0.1 /Public/fonts/fonts/fontawesome-webfont-v=4.0.3.woff
INFO: [ app_init ] --START--
INFO: Run Behavior\BuildLiteBehavior [ RunTime:0.000009s ]
INFO: [ app_init ] --END-- [ RunTime:0.000206s ]
ERR: 无法加载模块:Public

[ 2015-11-07T10:14:52+08:00 ] 127.0.0.1 /Public/fonts/fonts/fontawesome-webfont-v=4.0.3.woff
INFO: [ app_init ] --START--
INFO: Run Behavior\BuildLiteBehavior [ RunTime:0.000021s ]
INFO: [ app_init ] --END-- [ RunTime:0.000347s ]
ERR: 无法加载模块:Public

[ 2015-11-07T10:15:02+08:00 ] 127.0.0.1 /Public/fonts/fonts/fontawesome-webfont-v=4.0.3.woff
INFO: [ app_init ] --START--
INFO: Run Behavior\BuildLiteBehavior [ RunTime:0.000016s ]
INFO: [ app_init ] --END-- [ RunTime:0.000365s ]
ERR: 无法加载模块:Public

[ 2015-11-07T10:15:34+08:00 ] 127.0.0.1 /Public/fonts/fonts/fontawesome-webfont-v=4.0.3.woff
INFO: [ app_init ] --START--
INFO: Run Behavior\BuildLiteBehavior [ RunTime:0.000020s ]
INFO: [ app_init ] --END-- [ RunTime:0.000845s ]
ERR: 无法加载模块:Public

[ 2015-11-07T10:15:36+08:00 ] 127.0.0.1 /Public/fonts/fonts/fontawesome-webfont-v=4.0.3.woff
INFO: [ app_init ] --START--
INFO: Run Behavior\BuildLiteBehavior [ RunTime:0.000017s ]
INFO: [ app_init ] --END-- [ RunTime:0.000287s ]
ERR: 无法加载模块:Public

[ 2015-11-07T10:15:37+08:00 ] 127.0.0.1 /Public/fonts/fonts/fontawesome-webfont-v=4.0.3.woff
INFO: [ app_init ] --START--
INFO: Run Behavior\BuildLiteBehavior [ RunTime:0.000017s ]
INFO: [ app_init ] --END-- [ RunTime:0.000318s ]
ERR: 无法加载模块:Public

[ 2015-11-07T10:15:39+08:00 ] 127.0.0.1 /Public/fonts/fonts/fontawesome-webfont-v=4.0.3.woff
INFO: [ app_init ] --START--
INFO: Run Behavior\BuildLiteBehavior [ RunTime:0.000010s ]
INFO: [ app_init ] --END-- [ RunTime:0.000206s ]
ERR: 无法加载模块:Public

[ 2015-11-07T10:15:57+08:00 ] 127.0.0.1 /Public/fonts/fonts/fontawesome-webfont-v=4.0.3.woff
INFO: [ app_init ] --START--
INFO: Run Behavior\BuildLiteBehavior [ RunTime:0.000016s ]
INFO: [ app_init ] --END-- [ RunTime:0.000393s ]
ERR: 无法加载模块:Public

[ 2015-11-07T10:16:36+08:00 ] 127.0.0.1 /Public/fonts/fonts/fontawesome-webfont-v=4.0.3.woff
INFO: [ app_init ] --START--
INFO: Run Behavior\BuildLiteBehavior [ RunTime:0.000027s ]
INFO: [ app_init ] --END-- [ RunTime:0.000564s ]
ERR: 无法加载模块:Public

[ 2015-11-07T10:16:37+08:00 ] 127.0.0.1 /Public/fonts/fonts/fontawesome-webfont-v=4.0.3.woff
INFO: [ app_init ] --START--
INFO: Run Behavior\BuildLiteBehavior [ RunTime:0.000010s ]
INFO: [ app_init ] --END-- [ RunTime:0.000194s ]
ERR: 无法加载模块:Public

[ 2015-11-07T10:16:38+08:00 ] 127.0.0.1 /Public/fonts/fonts/fontawesome-webfont-v=4.0.3.woff
INFO: [ app_init ] --START--
INFO: Run Behavior\BuildLiteBehavior [ RunTime:0.000015s ]
INFO: [ app_init ] --END-- [ RunTime:0.000458s ]
ERR: 无法加载模块:Public

[ 2015-11-07T10:16:57+08:00 ] 127.0.0.1 /Public/fonts/fonts/fontawesome-webfont-v=4.0.3.woff
INFO: [ app_init ] --START--
INFO: Run Behavior\BuildLiteBehavior [ RunTime:0.000017s ]
INFO: [ app_init ] --END-- [ RunTime:0.000314s ]
ERR: 无法加载模块:Public

[ 2015-11-07T10:16:58+08:00 ] 127.0.0.1 /Public/fonts/fonts/fontawesome-webfont-v=4.0.3.woff
INFO: [ app_init ] --START--
INFO: Run Behavior\BuildLiteBehavior [ RunTime:0.000009s ]
INFO: [ app_init ] --END-- [ RunTime:0.000183s ]
ERR: 无法加载模块:Public

[ 2015-11-07T10:17:04+08:00 ] 127.0.0.1 /Public/fonts/fonts/fontawesome-webfont-v=4.0.3.woff
INFO: [ app_init ] --START--
INFO: Run Behavior\BuildLiteBehavior [ RunTime:0.000017s ]
INFO: [ app_init ] --END-- [ RunTime:0.000343s ]
ERR: 无法加载模块:Public

[ 2015-11-07T10:17:10+08:00 ] 127.0.0.1 /Public/fonts/fonts/fontawesome-webfont-v=4.0.3.woff
INFO: [ app_init ] --START--
INFO: Run Behavior\BuildLiteBehavior [ RunTime:0.000016s ]
INFO: [ app_init ] --END-- [ RunTime:0.000314s ]
ERR: 无法加载模块:Public

[ 2015-11-07T10:20:34+08:00 ] 127.0.0.1 /Public/fonts/fonts/fontawesome-webfont-v=4.0.3.woff
INFO: [ app_init ] --START--
INFO: Run Behavior\BuildLiteBehavior [ RunTime:0.000010s ]
INFO: [ app_init ] --END-- [ RunTime:0.000195s ]
ERR: 无法加载模块:Public

[ 2015-11-07T10:20:35+08:00 ] 127.0.0.1 /Public/fonts/fonts/fontawesome-webfont-v=4.0.3.woff
INFO: [ app_init ] --START--
INFO: Run Behavior\BuildLiteBehavior [ RunTime:0.000012s ]
INFO: [ app_init ] --END-- [ RunTime:0.000209s ]
ERR: 无法加载模块:Public

[ 2015-11-07T10:20:36+08:00 ] 127.0.0.1 /Public/fonts/fonts/fontawesome-webfont-v=4.0.3.woff
INFO: [ app_init ] --START--
INFO: Run Behavior\BuildLiteBehavior [ RunTime:0.000009s ]
INFO: [ app_init ] --END-- [ RunTime:0.000198s ]
ERR: 无法加载模块:Public

[ 2015-11-07T10:21:35+08:00 ] 127.0.0.1 /Public/fonts/fonts/fontawesome-webfont-v=4.0.3.woff
INFO: [ app_init ] --START--
INFO: Run Behavior\BuildLiteBehavior [ RunTime:0.000018s ]
INFO: [ app_init ] --END-- [ RunTime:0.000519s ]
ERR: 无法加载模块:Public

[ 2015-11-07T10:25:38+08:00 ] 127.0.0.1 /Public/fonts/fonts/fontawesome-webfont-v=4.0.3.woff
INFO: [ app_init ] --START--
INFO: Run Behavior\BuildLiteBehavior [ RunTime:0.000010s ]
INFO: [ app_init ] --END-- [ RunTime:0.000289s ]
ERR: 无法加载模块:Public

[ 2015-11-07T10:25:39+08:00 ] 127.0.0.1 /Public/fonts/fonts/fontawesome-webfont-v=4.0.3.woff
INFO: [ app_init ] --START--
INFO: Run Behavior\BuildLiteBehavior [ RunTime:0.000014s ]
INFO: [ app_init ] --END-- [ RunTime:0.000284s ]
ERR: 无法加载模块:Public

[ 2015-11-07T10:25:42+08:00 ] 127.0.0.1 /Public/fonts/fonts/fontawesome-webfont-v=4.0.3.woff
INFO: [ app_init ] --START--
INFO: Run Behavior\BuildLiteBehavior [ RunTime:0.000015s ]
INFO: [ app_init ] --END-- [ RunTime:0.000252s ]
ERR: 无法加载模块:Public

[ 2015-11-07T10:27:08+08:00 ] 127.0.0.1 /Public/fonts/fonts/fontawesome-webfont-v=4.0.3.woff
INFO: [ app_init ] --START--
INFO: Run Behavior\BuildLiteBehavior [ RunTime:0.000015s ]
INFO: [ app_init ] --END-- [ RunTime:0.000303s ]
ERR: 无法加载模块:Public

[ 2015-11-07T10:28:26+08:00 ] 127.0.0.1 /Public/fonts/fonts/fontawesome-webfont-v=4.0.3.woff
INFO: [ app_init ] --START--
INFO: Run Behavior\BuildLiteBehavior [ RunTime:0.000027s ]
INFO: [ app_init ] --END-- [ RunTime:0.000888s ]
ERR: 无法加载模块:Public

[ 2015-11-07T10:28:32+08:00 ] 127.0.0.1 /Public/fonts/fonts/fontawesome-webfont-v=4.0.3.woff
INFO: [ app_init ] --START--
INFO: Run Behavior\BuildLiteBehavior [ RunTime:0.000017s ]
INFO: [ app_init ] --END-- [ RunTime:0.000377s ]
ERR: 无法加载模块:Public

[ 2015-11-07T10:28:34+08:00 ] 127.0.0.1 /Public/fonts/fonts/fontawesome-webfont-v=4.0.3.woff
INFO: [ app_init ] --START--
INFO: Run Behavior\BuildLiteBehavior [ RunTime:0.000009s ]
INFO: [ app_init ] --END-- [ RunTime:0.000188s ]
ERR: 无法加载模块:Public

[ 2015-11-07T10:28:35+08:00 ] 127.0.0.1 /Public/fonts/fonts/fontawesome-webfont-v=4.0.3.woff
INFO: [ app_init ] --START--
INFO: Run Behavior\BuildLiteBehavior [ RunTime:0.000016s ]
INFO: [ app_init ] --END-- [ RunTime:0.000289s ]
ERR: 无法加载模块:Public

[ 2015-11-07T10:28:37+08:00 ] 127.0.0.1 /Public/fonts/fonts/fontawesome-webfont-v=4.0.3.woff
INFO: [ app_init ] --START--
INFO: Run Behavior\BuildLiteBehavior [ RunTime:0.000011s ]
INFO: [ app_init ] --END-- [ RunTime:0.000207s ]
ERR: 无法加载模块:Public

[ 2015-11-07T10:28:39+08:00 ] 127.0.0.1 /Public/fonts/fonts/fontawesome-webfont-v=4.0.3.woff
INFO: [ app_init ] --START--
INFO: Run Behavior\BuildLiteBehavior [ RunTime:0.000016s ]
INFO: [ app_init ] --END-- [ RunTime:0.000300s ]
ERR: 无法加载模块:Public

[ 2015-11-07T10:29:28+08:00 ] 127.0.0.1 /Public/fonts/fonts/fontawesome-webfont-v=4.0.3.woff
INFO: [ app_init ] --START--
INFO: Run Behavior\BuildLiteBehavior [ RunTime:0.000010s ]
INFO: [ app_init ] --END-- [ RunTime:0.000208s ]
ERR: 无法加载模块:Public

[ 2015-11-07T10:29:32+08:00 ] 127.0.0.1 /Public/fonts/fonts/fontawesome-webfont-v=4.0.3.woff
INFO: [ app_init ] --START--
INFO: Run Behavior\BuildLiteBehavior [ RunTime:0.000010s ]
INFO: [ app_init ] --END-- [ RunTime:0.000221s ]
ERR: 无法加载模块:Public

[ 2015-11-07T10:41:11+08:00 ] 127.0.0.1 /Public/fonts/fonts/fontawesome-webfont-v=4.0.3.woff
INFO: [ app_init ] --START--
INFO: Run Behavior\BuildLiteBehavior [ RunTime:0.000008s ]
INFO: [ app_init ] --END-- [ RunTime:0.000197s ]
ERR: 无法加载模块:Public

[ 2015-11-07T10:41:32+08:00 ] 127.0.0.1 /Public/fonts/fonts/fontawesome-webfont-v=4.0.3.woff
INFO: [ app_init ] --START--
INFO: Run Behavior\BuildLiteBehavior [ RunTime:0.000020s ]
INFO: [ app_init ] --END-- [ RunTime:0.000421s ]
ERR: 无法加载模块:Public

[ 2015-11-07T10:47:29+08:00 ] 127.0.0.1 /Public/fonts/fonts/fontawesome-webfont-v=4.0.3.woff
INFO: [ app_init ] --START--
INFO: Run Behavior\BuildLiteBehavior [ RunTime:0.000028s ]
INFO: [ app_init ] --END-- [ RunTime:0.000606s ]
ERR: 无法加载模块:Public

[ 2015-11-07T10:47:42+08:00 ] 127.0.0.1 /Public/fonts/fonts/fontawesome-webfont-v=4.0.3.woff
INFO: [ app_init ] --START--
INFO: Run Behavior\BuildLiteBehavior [ RunTime:0.000016s ]
INFO: [ app_init ] --END-- [ RunTime:0.000354s ]
ERR: 无法加载模块:Public

[ 2015-11-07T10:48:26+08:00 ] 127.0.0.1 /Public/fonts/fonts/fontawesome-webfont-v=4.0.3.woff
INFO: [ app_init ] --START--
INFO: Run Behavior\BuildLiteBehavior [ RunTime:0.000010s ]
INFO: [ app_init ] --END-- [ RunTime:0.000233s ]
ERR: 无法加载模块:Public

[ 2015-11-07T10:49:04+08:00 ] 127.0.0.1 /Public/fonts/fonts/fontawesome-webfont-v=4.0.3.woff
INFO: [ app_init ] --START--
INFO: Run Behavior\BuildLiteBehavior [ RunTime:0.000033s ]
INFO: [ app_init ] --END-- [ RunTime:0.000616s ]
ERR: 无法加载模块:Public

[ 2015-11-07T10:49:46+08:00 ] 127.0.0.1 /Public/fonts/fonts/fontawesome-webfont-v=4.0.3.woff
INFO: [ app_init ] --START--
INFO: Run Behavior\BuildLiteBehavior [ RunTime:0.000019s ]
INFO: [ app_init ] --END-- [ RunTime:0.000363s ]
ERR: 无法加载模块:Public

[ 2015-11-07T10:49:48+08:00 ] 127.0.0.1 /Public/fonts/fonts/fontawesome-webfont-v=4.0.3.woff
INFO: [ app_init ] --START--
INFO: Run Behavior\BuildLiteBehavior [ RunTime:0.000017s ]
INFO: [ app_init ] --END-- [ RunTime:0.000294s ]
ERR: 无法加载模块:Public

[ 2015-11-07T10:49:53+08:00 ] 127.0.0.1 /Public/fonts/fonts/fontawesome-webfont-v=4.0.3.woff
INFO: [ app_init ] --START--
INFO: Run Behavior\BuildLiteBehavior [ RunTime:0.000010s ]
INFO: [ app_init ] --END-- [ RunTime:0.000222s ]
ERR: 无法加载模块:Public

[ 2015-11-07T10:49:56+08:00 ] 127.0.0.1 /Public/fonts/fonts/fontawesome-webfont-v=4.0.3.woff
INFO: [ app_init ] --START--
INFO: Run Behavior\BuildLiteBehavior [ RunTime:0.000039s ]
INFO: [ app_init ] --END-- [ RunTime:0.000351s ]
ERR: 无法加载模块:Public

[ 2015-11-07T10:50:44+08:00 ] 127.0.0.1 /Public/fonts/fonts/fontawesome-webfont-v=4.0.3.woff
INFO: [ app_init ] --START--
INFO: Run Behavior\BuildLiteBehavior [ RunTime:0.000034s ]
INFO: [ app_init ] --END-- [ RunTime:0.000928s ]
ERR: 无法加载模块:Public

[ 2015-11-07T10:51:19+08:00 ] 127.0.0.1 /Public/fonts/fonts/fontawesome-webfont-v=4.0.3.woff
INFO: [ app_init ] --START--
INFO: Run Behavior\BuildLiteBehavior [ RunTime:0.000017s ]
INFO: [ app_init ] --END-- [ RunTime:0.000595s ]
ERR: 无法加载模块:Public

[ 2015-11-07T10:51:23+08:00 ] 127.0.0.1 /Public/fonts/fonts/fontawesome-webfont-v=4.0.3.woff
INFO: [ app_init ] --START--
INFO: Run Behavior\BuildLiteBehavior [ RunTime:0.000011s ]
INFO: [ app_init ] --END-- [ RunTime:0.000212s ]
ERR: 无法加载模块:Public

[ 2015-11-07T10:51:24+08:00 ] 127.0.0.1 /Public/fonts/fonts/fontawesome-webfont-v=4.0.3.woff
INFO: [ app_init ] --START--
INFO: Run Behavior\BuildLiteBehavior [ RunTime:0.000009s ]
INFO: [ app_init ] --END-- [ RunTime:0.000200s ]
ERR: 无法加载模块:Public

[ 2015-11-07T10:51:28+08:00 ] 127.0.0.1 /Public/fonts/fonts/fontawesome-webfont-v=4.0.3.woff
INFO: [ app_init ] --START--
INFO: Run Behavior\BuildLiteBehavior [ RunTime:0.000010s ]
INFO: [ app_init ] --END-- [ RunTime:0.000202s ]
ERR: 无法加载模块:Public

[ 2015-11-07T10:54:21+08:00 ] 127.0.0.1 /Public/fonts/fonts/fontawesome-webfont-v=4.0.3.woff
INFO: [ app_init ] --START--
INFO: Run Behavior\BuildLiteBehavior [ RunTime:0.000018s ]
INFO: [ app_init ] --END-- [ RunTime:0.000453s ]
ERR: 无法加载模块:Public

[ 2015-11-07T10:54:23+08:00 ] 127.0.0.1 /Public/fonts/fonts/fontawesome-webfont-v=4.0.3.woff
INFO: [ app_init ] --START--
INFO: Run Behavior\BuildLiteBehavior [ RunTime:0.000009s ]
INFO: [ app_init ] --END-- [ RunTime:0.000193s ]
ERR: 无法加载模块:Public

[ 2015-11-07T10:55:04+08:00 ] 127.0.0.1 /Public/fonts/fonts/fontawesome-webfont-v=4.0.3.woff
INFO: [ app_init ] --START--
INFO: Run Behavior\BuildLiteBehavior [ RunTime:0.000019s ]
INFO: [ app_init ] --END-- [ RunTime:0.000671s ]
ERR: 无法加载模块:Public

[ 2015-11-07T10:55:12+08:00 ] 127.0.0.1 /Public/fonts/fonts/fontawesome-webfont-v=4.0.3.woff
INFO: [ app_init ] --START--
INFO: Run Behavior\BuildLiteBehavior [ RunTime:0.000010s ]
INFO: [ app_init ] --END-- [ RunTime:0.000256s ]
ERR: 无法加载模块:Public

[ 2015-11-07T10:55:13+08:00 ] 127.0.0.1 /Public/fonts/fonts/fontawesome-webfont-v=4.0.3.woff
INFO: [ app_init ] --START--
INFO: Run Behavior\BuildLiteBehavior [ RunTime:0.000011s ]
INFO: [ app_init ] --END-- [ RunTime:0.000201s ]
ERR: 无法加载模块:Public

[ 2015-11-07T10:55:49+08:00 ] 127.0.0.1 /Public/fonts/fonts/fontawesome-webfont-v=4.0.3.woff
INFO: [ app_init ] --START--
INFO: Run Behavior\BuildLiteBehavior [ RunTime:0.000015s ]
INFO: [ app_init ] --END-- [ RunTime:0.000363s ]
ERR: 无法加载模块:Public

[ 2015-11-07T10:57:06+08:00 ] 127.0.0.1 /Public/fonts/fonts/fontawesome-webfont-v=4.0.3.woff
INFO: [ app_init ] --START--
INFO: Run Behavior\BuildLiteBehavior [ RunTime:0.000014s ]
INFO: [ app_init ] --END-- [ RunTime:0.000261s ]
ERR: 无法加载模块:Public

[ 2015-11-07T10:57:14+08:00 ] 127.0.0.1 /Public/fonts/fonts/fontawesome-webfont-v=4.0.3.woff
INFO: [ app_init ] --START--
INFO: Run Behavior\BuildLiteBehavior [ RunTime:0.000014s ]
INFO: [ app_init ] --END-- [ RunTime:0.000317s ]
ERR: 无法加载模块:Public

[ 2015-11-07T10:57:20+08:00 ] 127.0.0.1 /Public/fonts/fonts/fontawesome-webfont-v=4.0.3.woff
INFO: [ app_init ] --START--
INFO: Run Behavior\BuildLiteBehavior [ RunTime:0.000015s ]
INFO: [ app_init ] --END-- [ RunTime:0.000254s ]
ERR: 无法加载模块:Public

[ 2015-11-07T10:57:24+08:00 ] 127.0.0.1 /Public/fonts/fonts/fontawesome-webfont-v=4.0.3.woff
INFO: [ app_init ] --START--
INFO: Run Behavior\BuildLiteBehavior [ RunTime:0.000031s ]
INFO: [ app_init ] --END-- [ RunTime:0.000539s ]
ERR: 无法加载模块:Public

[ 2015-11-07T10:57:26+08:00 ] 127.0.0.1 /Public/fonts/fonts/fontawesome-webfont-v=4.0.3.woff
INFO: [ app_init ] --START--
INFO: Run Behavior\BuildLiteBehavior [ RunTime:0.000016s ]
INFO: [ app_init ] --END-- [ RunTime:0.000298s ]
ERR: 无法加载模块:Public

[ 2015-11-07T10:57:31+08:00 ] 127.0.0.1 /Public/fonts/fonts/fontawesome-webfont-v=4.0.3.woff
INFO: [ app_init ] --START--
INFO: Run Behavior\BuildLiteBehavior [ RunTime:0.000038s ]
INFO: [ app_init ] --END-- [ RunTime:0.000751s ]
ERR: 无法加载模块:Public

[ 2015-11-07T10:58:17+08:00 ] 127.0.0.1 /Public/fonts/fonts/fontawesome-webfont-v=4.0.3.woff
INFO: [ app_init ] --START--
INFO: Run Behavior\BuildLiteBehavior [ RunTime:0.000025s ]
INFO: [ app_init ] --END-- [ RunTime:0.000427s ]
ERR: 无法加载模块:Public

[ 2015-11-07T10:59:23+08:00 ] 127.0.0.1 /Public/fonts/fonts/fontawesome-webfont-v=4.0.3.woff
INFO: [ app_init ] --START--
INFO: Run Behavior\BuildLiteBehavior [ RunTime:0.000025s ]
INFO: [ app_init ] --END-- [ RunTime:0.000558s ]
ERR: 无法加载模块:Public

[ 2015-11-07T10:59:52+08:00 ] 127.0.0.1 /Public/fonts/fonts/fontawesome-webfont-v=4.0.3.woff
INFO: [ app_init ] --START--
INFO: Run Behavior\BuildLiteBehavior [ RunTime:0.000335s ]
INFO: [ app_init ] --END-- [ RunTime:0.003119s ]
ERR: 无法加载模块:Public

[ 2015-11-07T10:59:59+08:00 ] 127.0.0.1 /Public/fonts/fonts/fontawesome-webfont-v=4.0.3.woff
INFO: [ app_init ] --START--
INFO: Run Behavior\BuildLiteBehavior [ RunTime:0.000024s ]
INFO: [ app_init ] --END-- [ RunTime:0.000424s ]
ERR: 无法加载模块:Public

[ 2015-11-07T11:00:19+08:00 ] 127.0.0.1 /Public/fonts/fonts/fontawesome-webfont-v=4.0.3.woff
INFO: [ app_init ] --START--
INFO: Run Behavior\BuildLiteBehavior [ RunTime:0.000026s ]
INFO: [ app_init ] --END-- [ RunTime:0.000958s ]
ERR: 无法加载模块:Public

[ 2015-11-07T11:00:29+08:00 ] 127.0.0.1 /Public/fonts/fonts/fontawesome-webfont-v=4.0.3.woff
INFO: [ app_init ] --START--
INFO: Run Behavior\BuildLiteBehavior [ RunTime:0.000013s ]
INFO: [ app_init ] --END-- [ RunTime:0.000280s ]
ERR: 无法加载模块:Public

[ 2015-11-07T11:00:45+08:00 ] 127.0.0.1 /Public/fonts/fonts/fontawesome-webfont-v=4.0.3.woff
INFO: [ app_init ] --START--
INFO: Run Behavior\BuildLiteBehavior [ RunTime:0.000021s ]
INFO: [ app_init ] --END-- [ RunTime:0.000408s ]
ERR: 无法加载模块:Public

[ 2015-11-07T11:00:54+08:00 ] 127.0.0.1 /Public/fonts/fonts/fontawesome-webfont-v=4.0.3.woff
INFO: [ app_init ] --START--
INFO: Run Behavior\BuildLiteBehavior [ RunTime:0.000050s ]
INFO: [ app_init ] --END-- [ RunTime:0.000732s ]
ERR: 无法加载模块:Public

[ 2015-11-07T11:01:46+08:00 ] 127.0.0.1 /Public/fonts/fonts/fontawesome-webfont-v=4.0.3.woff
INFO: [ app_init ] --START--
INFO: Run Behavior\BuildLiteBehavior [ RunTime:0.000014s ]
INFO: [ app_init ] --END-- [ RunTime:0.000324s ]
ERR: 无法加载模块:Public

[ 2015-11-07T11:01:59+08:00 ] 127.0.0.1 /Public/fonts/fonts/fontawesome-webfont-v=4.0.3.woff
INFO: [ app_init ] --START--
INFO: Run Behavior\BuildLiteBehavior [ RunTime:0.000021s ]
INFO: [ app_init ] --END-- [ RunTime:0.000389s ]
ERR: 无法加载模块:Public

[ 2015-11-07T11:02:22+08:00 ] 127.0.0.1 /Public/fonts/fonts/fontawesome-webfont-v=4.0.3.woff
INFO: [ app_init ] --START--
INFO: Run Behavior\BuildLiteBehavior [ RunTime:0.000010s ]
INFO: [ app_init ] --END-- [ RunTime:0.000204s ]
ERR: 无法加载模块:Public

[ 2015-11-07T11:03:43+08:00 ] 127.0.0.1 /Public/fonts/fonts/fontawesome-webfont-v=4.0.3.woff
INFO: [ app_init ] --START--
INFO: Run Behavior\BuildLiteBehavior [ RunTime:0.000018s ]
INFO: [ app_init ] --END-- [ RunTime:0.000451s ]
ERR: 无法加载模块:Public

[ 2015-11-07T11:11:58+08:00 ] 127.0.0.1 /Public/fonts/fonts/fontawesome-webfont-v=4.0.3.woff
INFO: [ app_init ] --START--
INFO: Run Behavior\BuildLiteBehavior [ RunTime:0.000010s ]
INFO: [ app_init ] --END-- [ RunTime:0.000209s ]
ERR: 无法加载模块:Public

[ 2015-11-07T11:12:04+08:00 ] 127.0.0.1 /Public/fonts/fonts/fontawesome-webfont-v=4.0.3.woff
INFO: [ app_init ] --START--
INFO: Run Behavior\BuildLiteBehavior [ RunTime:0.000016s ]
INFO: [ app_init ] --END-- [ RunTime:0.000224s ]
ERR: 无法加载模块:Public

[ 2015-11-07T11:14:15+08:00 ] 127.0.0.1 /Public/fonts/fonts/fontawesome-webfont-v=4.0.3.woff
INFO: [ app_init ] --START--
INFO: Run Behavior\BuildLiteBehavior [ RunTime:0.000011s ]
INFO: [ app_init ] --END-- [ RunTime:0.000230s ]
ERR: 无法加载模块:Public

[ 2015-11-07T11:14:16+08:00 ] 127.0.0.1 /Public/fonts/fonts/fontawesome-webfont-v=4.0.3.woff
INFO: [ app_init ] --START--
INFO: Run Behavior\BuildLiteBehavior [ RunTime:0.000016s ]
INFO: [ app_init ] --END-- [ RunTime:0.000333s ]
ERR: 无法加载模块:Public

[ 2015-11-07T11:14:19+08:00 ] 127.0.0.1 /Public/fonts/fonts/fontawesome-webfont-v=4.0.3.woff
INFO: [ app_init ] --START--
INFO: Run Behavior\BuildLiteBehavior [ RunTime:0.000010s ]
INFO: [ app_init ] --END-- [ RunTime:0.000192s ]
ERR: 无法加载模块:Public

[ 2015-11-07T11:15:20+08:00 ] 127.0.0.1 /Public/fonts/fonts/fontawesome-webfont-v=4.0.3.woff
INFO: [ app_init ] --START--
INFO: Run Behavior\BuildLiteBehavior [ RunTime:0.000017s ]
INFO: [ app_init ] --END-- [ RunTime:0.000400s ]
ERR: 无法加载模块:Public

[ 2015-11-07T11:15:22+08:00 ] 127.0.0.1 /Public/fonts/fonts/fontawesome-webfont-v=4.0.3.woff
INFO: [ app_init ] --START--
INFO: Run Behavior\BuildLiteBehavior [ RunTime:0.000024s ]
INFO: [ app_init ] --END-- [ RunTime:0.000383s ]
ERR: 无法加载模块:Public

[ 2015-11-07T11:15:24+08:00 ] 127.0.0.1 /Public/fonts/fonts/fontawesome-webfont-v=4.0.3.woff
INFO: [ app_init ] --START--
INFO: Run Behavior\BuildLiteBehavior [ RunTime:0.000021s ]
INFO: [ app_init ] --END-- [ RunTime:0.000495s ]
ERR: 无法加载模块:Public

[ 2015-11-07T11:15:54+08:00 ] 127.0.0.1 /Public/fonts/fonts/fontawesome-webfont-v=4.0.3.woff
INFO: [ app_init ] --START--
INFO: Run Behavior\BuildLiteBehavior [ RunTime:0.000016s ]
INFO: [ app_init ] --END-- [ RunTime:0.000221s ]
ERR: 无法加载模块:Public

[ 2015-11-07T11:16:06+08:00 ] 127.0.0.1 /Public/fonts/fonts/fontawesome-webfont-v=4.0.3.woff
INFO: [ app_init ] --START--
INFO: Run Behavior\BuildLiteBehavior [ RunTime:0.000011s ]
INFO: [ app_init ] --END-- [ RunTime:0.000192s ]
ERR: 无法加载模块:Public

[ 2015-11-07T11:16:08+08:00 ] 127.0.0.1 /Public/fonts/fonts/fontawesome-webfont-v=4.0.3.woff
INFO: [ app_init ] --START--
INFO: Run Behavior\BuildLiteBehavior [ RunTime:0.000018s ]
INFO: [ app_init ] --END-- [ RunTime:0.000591s ]
ERR: 无法加载模块:Public

[ 2015-11-07T11:16:29+08:00 ] 127.0.0.1 /Public/fonts/fonts/fontawesome-webfont-v=4.0.3.woff
INFO: [ app_init ] --START--
INFO: Run Behavior\BuildLiteBehavior [ RunTime:0.000014s ]
INFO: [ app_init ] --END-- [ RunTime:0.000326s ]
ERR: 无法加载模块:Public

[ 2015-11-07T11:16:42+08:00 ] 127.0.0.1 /Public/fonts/fonts/fontawesome-webfont-v=4.0.3.woff
INFO: [ app_init ] --START--
INFO: Run Behavior\BuildLiteBehavior [ RunTime:0.000016s ]
INFO: [ app_init ] --END-- [ RunTime:0.000313s ]
ERR: 无法加载模块:Public

[ 2015-11-07T11:16:51+08:00 ] 127.0.0.1 /Public/fonts/fonts/fontawesome-webfont-v=4.0.3.woff
INFO: [ app_init ] --START--
INFO: Run Behavior\BuildLiteBehavior [ RunTime:0.000035s ]
INFO: [ app_init ] --END-- [ RunTime:0.000390s ]
ERR: 无法加载模块:Public

[ 2015-11-07T11:16:52+08:00 ] 127.0.0.1 /Public/fonts/fonts/fontawesome-webfont-v=4.0.3.woff
INFO: [ app_init ] --START--
INFO: Run Behavior\BuildLiteBehavior [ RunTime:0.000013s ]
INFO: [ app_init ] --END-- [ RunTime:0.000314s ]
ERR: 无法加载模块:Public

[ 2015-11-07T11:16:56+08:00 ] 127.0.0.1 /Public/fonts/fonts/fontawesome-webfont-v=4.0.3.woff
INFO: [ app_init ] --START--
INFO: Run Behavior\BuildLiteBehavior [ RunTime:0.000014s ]
INFO: [ app_init ] --END-- [ RunTime:0.000407s ]
ERR: 无法加载模块:Public

[ 2015-11-07T11:16:57+08:00 ] 127.0.0.1 /Public/fonts/fonts/fontawesome-webfont-v=4.0.3.woff
INFO: [ app_init ] --START--
INFO: Run Behavior\BuildLiteBehavior [ RunTime:0.000009s ]
INFO: [ app_init ] --END-- [ RunTime:0.000188s ]
ERR: 无法加载模块:Public

[ 2015-11-07T11:16:58+08:00 ] 127.0.0.1 /Public/fonts/fonts/fontawesome-webfont-v=4.0.3.woff
INFO: [ app_init ] --START--
INFO: Run Behavior\BuildLiteBehavior [ RunTime:0.000016s ]
INFO: [ app_init ] --END-- [ RunTime:0.000711s ]
ERR: 无法加载模块:Public

[ 2015-11-07T11:18:41+08:00 ] 127.0.0.1 /Public/fonts/fonts/fontawesome-webfont-v=4.0.3.woff
INFO: [ app_init ] --START--
INFO: Run Behavior\BuildLiteBehavior [ RunTime:0.000009s ]
INFO: [ app_init ] --END-- [ RunTime:0.000187s ]
ERR: 无法加载模块:Public

[ 2015-11-07T11:18:48+08:00 ] 127.0.0.1 /Public/fonts/fonts/fontawesome-webfont-v=4.0.3.woff
INFO: [ app_init ] --START--
INFO: Run Behavior\BuildLiteBehavior [ RunTime:0.000046s ]
INFO: [ app_init ] --END-- [ RunTime:0.000523s ]
ERR: 无法加载模块:Public

[ 2015-11-07T11:18:50+08:00 ] 127.0.0.1 /Public/fonts/fonts/fontawesome-webfont-v=4.0.3.woff
INFO: [ app_init ] --START--
INFO: Run Behavior\BuildLiteBehavior [ RunTime:0.000009s ]
INFO: [ app_init ] --END-- [ RunTime:0.000200s ]
ERR: 无法加载模块:Public

[ 2015-11-07T11:18:52+08:00 ] 127.0.0.1 /Public/fonts/fonts/fontawesome-webfont-v=4.0.3.woff
INFO: [ app_init ] --START--
INFO: Run Behavior\BuildLiteBehavior [ RunTime:0.000016s ]
INFO: [ app_init ] --END-- [ RunTime:0.000363s ]
ERR: 无法加载模块:Public

[ 2015-11-07T11:18:54+08:00 ] 127.0.0.1 /Public/fonts/fonts/fontawesome-webfont-v=4.0.3.woff
INFO: [ app_init ] --START--
INFO: Run Behavior\BuildLiteBehavior [ RunTime:0.000017s ]
INFO: [ app_init ] --END-- [ RunTime:0.000812s ]
ERR: 无法加载模块:Public

[ 2015-11-07T11:18:56+08:00 ] 127.0.0.1 /Public/fonts/fonts/fontawesome-webfont-v=4.0.3.woff
INFO: [ app_init ] --START--
INFO: Run Behavior\BuildLiteBehavior [ RunTime:0.000009s ]
INFO: [ app_init ] --END-- [ RunTime:0.000188s ]
ERR: 无法加载模块:Public

[ 2015-11-07T11:18:58+08:00 ] 127.0.0.1 /Public/fonts/fonts/fontawesome-webfont-v=4.0.3.woff
INFO: [ app_init ] --START--
INFO: Run Behavior\BuildLiteBehavior [ RunTime:0.000019s ]
INFO: [ app_init ] --END-- [ RunTime:0.000394s ]
ERR: 无法加载模块:Public

[ 2015-11-07T11:27:21+08:00 ] 127.0.0.1 /Public/fonts/fonts/fontawesome-webfont-v=4.0.3.woff
INFO: [ app_init ] --START--
INFO: Run Behavior\BuildLiteBehavior [ RunTime:0.000016s ]
INFO: [ app_init ] --END-- [ RunTime:0.000314s ]
ERR: 无法加载模块:Public

[ 2015-11-07T11:27:35+08:00 ] 127.0.0.1 /Public/fonts/fonts/fontawesome-webfont-v=4.0.3.woff
INFO: [ app_init ] --START--
INFO: Run Behavior\BuildLiteBehavior [ RunTime:0.000017s ]
INFO: [ app_init ] --END-- [ RunTime:0.000365s ]
ERR: 无法加载模块:Public

[ 2015-11-07T11:27:36+08:00 ] 127.0.0.1 /Public/fonts/fonts/fontawesome-webfont-v=4.0.3.woff
INFO: [ app_init ] --START--
INFO: Run Behavior\BuildLiteBehavior [ RunTime:0.000036s ]
INFO: [ app_init ] --END-- [ RunTime:0.000506s ]
ERR: 无法加载模块:Public

[ 2015-11-07T11:27:47+08:00 ] 127.0.0.1 /Public/fonts/fonts/fontawesome-webfont-v=4.0.3.woff
INFO: [ app_init ] --START--
INFO: Run Behavior\BuildLiteBehavior [ RunTime:0.000017s ]
INFO: [ app_init ] --END-- [ RunTime:0.000360s ]
ERR: 无法加载模块:Public

[ 2015-11-07T11:29:10+08:00 ] 127.0.0.1 /Public/fonts/fonts/fontawesome-webfont-v=4.0.3.woff
INFO: [ app_init ] --START--
INFO: Run Behavior\BuildLiteBehavior [ RunTime:0.000010s ]
INFO: [ app_init ] --END-- [ RunTime:0.000200s ]
ERR: 无法加载模块:Public

[ 2015-11-07T11:29:35+08:00 ] 127.0.0.1 /Public/fonts/fonts/fontawesome-webfont-v=4.0.3.woff
INFO: [ app_init ] --START--
INFO: Run Behavior\BuildLiteBehavior [ RunTime:0.000019s ]
INFO: [ app_init ] --END-- [ RunTime:0.000517s ]
ERR: 无法加载模块:Public

[ 2015-11-07T11:30:03+08:00 ] 127.0.0.1 /Public/fonts/fonts/fontawesome-webfont-v=4.0.3.woff
INFO: [ app_init ] --START--
INFO: Run Behavior\BuildLiteBehavior [ RunTime:0.000020s ]
INFO: [ app_init ] --END-- [ RunTime:0.000710s ]
ERR: 无法加载模块:Public

[ 2015-11-07T11:30:05+08:00 ] 127.0.0.1 /Public/fonts/fonts/fontawesome-webfont-v=4.0.3.woff
INFO: [ app_init ] --START--
INFO: Run Behavior\BuildLiteBehavior [ RunTime:0.000009s ]
INFO: [ app_init ] --END-- [ RunTime:0.000191s ]
ERR: 无法加载模块:Public

[ 2015-11-07T11:32:06+08:00 ] 127.0.0.1 /Public/fonts/fonts/fontawesome-webfont-v=4.0.3.woff
INFO: [ app_init ] --START--
INFO: Run Behavior\BuildLiteBehavior [ RunTime:0.000013s ]
INFO: [ app_init ] --END-- [ RunTime:0.000271s ]
ERR: 无法加载模块:Public

[ 2015-11-07T11:34:41+08:00 ] 127.0.0.1 /Public/fonts/fonts/fontawesome-webfont-v=4.0.3.woff
INFO: [ app_init ] --START--
INFO: Run Behavior\BuildLiteBehavior [ RunTime:0.000009s ]
INFO: [ app_init ] --END-- [ RunTime:0.000194s ]
ERR: 无法加载模块:Public

[ 2015-11-07T11:35:29+08:00 ] 127.0.0.1 /Public/fonts/fonts/fontawesome-webfont-v=4.0.3.woff
INFO: [ app_init ] --START--
INFO: Run Behavior\BuildLiteBehavior [ RunTime:0.000012s ]
INFO: [ app_init ] --END-- [ RunTime:0.000246s ]
ERR: 无法加载模块:Public

[ 2015-11-07T12:40:52+08:00 ] 127.0.0.1 /Public/fonts/fonts/fontawesome-webfont-v=4.0.3.woff
INFO: [ app_init ] --START--
INFO: Run Behavior\BuildLiteBehavior [ RunTime:0.000015s ]
INFO: [ app_init ] --END-- [ RunTime:0.000219s ]
ERR: 无法加载模块:Public

[ 2015-11-07T12:43:27+08:00 ] 127.0.0.1 /Public/fonts/fonts/fontawesome-webfont-v=4.0.3.woff
INFO: [ app_init ] --START--
INFO: Run Behavior\BuildLiteBehavior [ RunTime:0.000010s ]
INFO: [ app_init ] --END-- [ RunTime:0.000255s ]
ERR: 无法加载模块:Public

[ 2015-11-07T12:43:51+08:00 ] 127.0.0.1 /Public/fonts/fonts/fontawesome-webfont-v=4.0.3.woff
INFO: [ app_init ] --START--
INFO: Run Behavior\BuildLiteBehavior [ RunTime:0.000010s ]
INFO: [ app_init ] --END-- [ RunTime:0.000208s ]
ERR: 无法加载模块:Public

[ 2015-11-07T12:44:37+08:00 ] 127.0.0.1 /Public/fonts/fonts/fontawesome-webfont-v=4.0.3.woff
INFO: [ app_init ] --START--
INFO: Run Behavior\BuildLiteBehavior [ RunTime:0.000016s ]
INFO: [ app_init ] --END-- [ RunTime:0.000281s ]
ERR: 无法加载模块:Public

[ 2015-11-07T12:44:38+08:00 ] 127.0.0.1 /Public/fonts/fonts/fontawesome-webfont-v=4.0.3.woff
INFO: [ app_init ] --START--
INFO: Run Behavior\BuildLiteBehavior [ RunTime:0.000015s ]
INFO: [ app_init ] --END-- [ RunTime:0.000279s ]
ERR: 无法加载模块:Public

[ 2015-11-07T12:45:33+08:00 ] 127.0.0.1 /Public/fonts/fonts/fontawesome-webfont-v=4.0.3.woff
INFO: [ app_init ] --START--
INFO: Run Behavior\BuildLiteBehavior [ RunTime:0.000015s ]
INFO: [ app_init ] --END-- [ RunTime:0.000332s ]
ERR: 无法加载模块:Public

[ 2015-11-07T12:50:58+08:00 ] 127.0.0.1 /Public/fonts/fonts/fontawesome-webfont-v=4.0.3.woff
INFO: [ app_init ] --START--
INFO: Run Behavior\BuildLiteBehavior [ RunTime:0.000012s ]
INFO: [ app_init ] --END-- [ RunTime:0.000431s ]
ERR: 无法加载模块:Public

[ 2015-11-07T12:53:03+08:00 ] 127.0.0.1 /Public/fonts/fonts/fontawesome-webfont-v=4.0.3.woff
INFO: [ app_init ] --START--
INFO: Run Behavior\BuildLiteBehavior [ RunTime:0.000017s ]
INFO: [ app_init ] --END-- [ RunTime:0.000311s ]
ERR: 无法加载模块:Public

[ 2015-11-07T12:53:45+08:00 ] 127.0.0.1 /Public/fonts/fonts/fontawesome-webfont-v=4.0.3.woff
INFO: [ app_init ] --START--
INFO: Run Behavior\BuildLiteBehavior [ RunTime:0.000016s ]
INFO: [ app_init ] --END-- [ RunTime:0.000321s ]
ERR: 无法加载模块:Public

[ 2015-11-07T12:54:45+08:00 ] 127.0.0.1 /Public/fonts/fonts/fontawesome-webfont-v=4.0.3.woff
INFO: [ app_init ] --START--
INFO: Run Behavior\BuildLiteBehavior [ RunTime:0.000012s ]
INFO: [ app_init ] --END-- [ RunTime:0.000424s ]
ERR: 无法加载模块:Public

[ 2015-11-07T13:01:27+08:00 ] 127.0.0.1 /Public/fonts/fonts/fontawesome-webfont-v=4.0.3.woff
INFO: [ app_init ] --START--
INFO: Run Behavior\BuildLiteBehavior [ RunTime:0.000012s ]
INFO: [ app_init ] --END-- [ RunTime:0.000297s ]
ERR: 无法加载模块:Public

[ 2015-11-07T13:01:28+08:00 ] 127.0.0.1 /Public/fonts/fonts/fontawesome-webfont-v=4.0.3.woff
INFO: [ app_init ] --START--
INFO: Run Behavior\BuildLiteBehavior [ RunTime:0.000009s ]
INFO: [ app_init ] --END-- [ RunTime:0.000198s ]
ERR: 无法加载模块:Public

[ 2015-11-07T13:01:29+08:00 ] 127.0.0.1 /Public/fonts/fonts/fontawesome-webfont-v=4.0.3.woff
INFO: [ app_init ] --START--
INFO: Run Behavior\BuildLiteBehavior [ RunTime:0.000009s ]
INFO: [ app_init ] --END-- [ RunTime:0.000190s ]
ERR: 无法加载模块:Public

[ 2015-11-07T13:01:31+08:00 ] 127.0.0.1 /Public/fonts/fonts/fontawesome-webfont-v=4.0.3.woff
INFO: [ app_init ] --START--
INFO: Run Behavior\BuildLiteBehavior [ RunTime:0.000020s ]
INFO: [ app_init ] --END-- [ RunTime:0.000364s ]
ERR: 无法加载模块:Public

[ 2015-11-07T13:01:45+08:00 ] 127.0.0.1 /Public/fonts/fonts/fontawesome-webfont-v=4.0.3.woff
INFO: [ app_init ] --START--
INFO: Run Behavior\BuildLiteBehavior [ RunTime:0.000014s ]
INFO: [ app_init ] --END-- [ RunTime:0.000493s ]
ERR: 无法加载模块:Public

[ 2015-11-07T13:01:47+08:00 ] 127.0.0.1 /Public/fonts/fonts/fontawesome-webfont-v=4.0.3.woff
INFO: [ app_init ] --START--
INFO: Run Behavior\BuildLiteBehavior [ RunTime:0.000023s ]
INFO: [ app_init ] --END-- [ RunTime:0.000488s ]
ERR: 无法加载模块:Public

[ 2015-11-07T13:01:47+08:00 ] 127.0.0.1 /Public/fonts/fonts/fontawesome-webfont-v=4.0.3.woff
INFO: [ app_init ] --START--
INFO: Run Behavior\BuildLiteBehavior [ RunTime:0.000009s ]
INFO: [ app_init ] --END-- [ RunTime:0.000190s ]
ERR: 无法加载模块:Public

