[ 2015-11-10T19:52:58+08:00 ] 127.0.0.1 /chinstgram/__UPLOAD__/images/photos/user-avatar.png
INFO: [ app_init ] --START--
INFO: Run Behavior\BuildLiteBehavior [ RunTime:0.000025s ]
INFO: [ app_init ] --END-- [ RunTime:0.000447s ]
ERR: 无法加载模块:__UPLOAD__

[ 2015-11-10T19:52:58+08:00 ] 127.0.0.1 /chinstgram/__UPLOAD__/images/photos/user2.png
INFO: [ app_init ] --START--
INFO: Run Behavior\BuildLiteBehavior [ RunTime:0.000016s ]
INFO: [ app_init ] --END-- [ RunTime:0.000335s ]
ERR: 无法加载模块:__UPLOAD__

[ 2015-11-10T19:52:58+08:00 ] 127.0.0.1 /chinstgram/__UPLOAD__/images/blog/blog-wide-img.jpg
INFO: [ app_init ] --START--
INFO: Run Behavior\BuildLiteBehavior [ RunTime:0.000009s ]
INFO: [ app_init ] --END-- [ RunTime:0.000191s ]
ERR: 无法加载模块:__UPLOAD__

[ 2015-11-10T19:52:58+08:00 ] 127.0.0.1 /chinstgram/Public/fonts/fonts/fontawesome-webfont-v=4.0.3.woff
INFO: [ app_init ] --START--
INFO: Run Behavior\BuildLiteBehavior [ RunTime:0.000011s ]
INFO: [ app_init ] --END-- [ RunTime:0.000207s ]
ERR: 无法加载模块:Public

[ 2015-11-10T19:53:11+08:00 ] 127.0.0.1 /chinstgram/__UPLOAD__/images/photos/user-avatar.png
INFO: [ app_init ] --START--
INFO: Run Behavior\BuildLiteBehavior [ RunTime:0.000015s ]
INFO: [ app_init ] --END-- [ RunTime:0.000233s ]
ERR: 无法加载模块:__UPLOAD__

[ 2015-11-10T19:53:11+08:00 ] 127.0.0.1 /chinstgram/__UPLOAD__/images/photos/user2.png
INFO: [ app_init ] --START--
INFO: Run Behavior\BuildLiteBehavior [ RunTime:0.000017s ]
INFO: [ app_init ] --END-- [ RunTime:0.000301s ]
ERR: 无法加载模块:__UPLOAD__

[ 2015-11-10T19:53:11+08:00 ] 127.0.0.1 /chinstgram/__UPLOAD__/images/blog/blog-wide-img.jpg
INFO: [ app_init ] --START--
INFO: Run Behavior\BuildLiteBehavior [ RunTime:0.000018s ]
INFO: [ app_init ] --END-- [ RunTime:0.000355s ]
ERR: 无法加载模块:__UPLOAD__

[ 2015-11-10T19:53:11+08:00 ] 127.0.0.1 /chinstgram/Public/fonts/fonts/fontawesome-webfont-v=4.0.3.woff
INFO: [ app_init ] --START--
INFO: Run Behavior\BuildLiteBehavior [ RunTime:0.000010s ]
INFO: [ app_init ] --END-- [ RunTime:0.000202s ]
ERR: 无法加载模块:Public

[ 2015-11-10T19:53:31+08:00 ] 127.0.0.1 /chinstgram/__UPLOAD__/images/photos/user-avatar.png
INFO: [ app_init ] --START--
INFO: Run Behavior\BuildLiteBehavior [ RunTime:0.000026s ]
INFO: [ app_init ] --END-- [ RunTime:0.000507s ]
ERR: 无法加载模块:__UPLOAD__

[ 2015-11-10T19:53:31+08:00 ] 127.0.0.1 /chinstgram/__UPLOAD__/images/blog/blog-wide-img.jpg
INFO: [ app_init ] --START--
INFO: Run Behavior\BuildLiteBehavior [ RunTime:0.000011s ]
INFO: [ app_init ] --END-- [ RunTime:0.000255s ]
ERR: 无法加载模块:__UPLOAD__

[ 2015-11-10T19:53:31+08:00 ] 127.0.0.1 /chinstgram/__UPLOAD__/images/photos/user2.png
INFO: [ app_init ] --START--
INFO: Run Behavior\BuildLiteBehavior [ RunTime:0.000017s ]
INFO: [ app_init ] --END-- [ RunTime:0.000348s ]
ERR: 无法加载模块:__UPLOAD__

[ 2015-11-10T19:53:31+08:00 ] 127.0.0.1 /chinstgram/Public/fonts/fonts/fontawesome-webfont-v=4.0.3.woff
INFO: [ app_init ] --START--
INFO: Run Behavior\BuildLiteBehavior [ RunTime:0.000010s ]
INFO: [ app_init ] --END-- [ RunTime:0.000192s ]
ERR: 无法加载模块:Public

[ 2015-11-10T19:53:51+08:00 ] 127.0.0.1 /chinstgram/__UPLOAD__/images/photos/user-avatar.png
INFO: [ app_init ] --START--
INFO: Run Behavior\BuildLiteBehavior [ RunTime:0.000014s ]
INFO: [ app_init ] --END-- [ RunTime:0.000315s ]
ERR: 无法加载模块:__UPLOAD__

[ 2015-11-10T19:53:51+08:00 ] 127.0.0.1 /chinstgram/__UPLOAD__/images/blog/blog-wide-img.jpg
INFO: [ app_init ] --START--
INFO: Run Behavior\BuildLiteBehavior [ RunTime:0.000026s ]
INFO: [ app_init ] --END-- [ RunTime:0.000430s ]
ERR: 无法加载模块:__UPLOAD__

[ 2015-11-10T19:53:51+08:00 ] 127.0.0.1 /chinstgram/__UPLOAD__/images/photos/user2.png
INFO: [ app_init ] --START--
INFO: Run Behavior\BuildLiteBehavior [ RunTime:0.000017s ]
INFO: [ app_init ] --END-- [ RunTime:0.000939s ]
ERR: 无法加载模块:__UPLOAD__

[ 2015-11-10T19:53:51+08:00 ] 127.0.0.1 /chinstgram/Public/fonts/fonts/fontawesome-webfont-v=4.0.3.woff
INFO: [ app_init ] --START--
INFO: Run Behavior\BuildLiteBehavior [ RunTime:0.000082s ]
INFO: [ app_init ] --END-- [ RunTime:0.000641s ]
ERR: 无法加载模块:Public

[ 2015-11-10T19:54:48+08:00 ] 127.0.0.1 /chinstgram/__UPLOADS__/images/photos/user-avatar.png
INFO: [ app_init ] --START--
INFO: Run Behavior\BuildLiteBehavior [ RunTime:0.000033s ]
INFO: [ app_init ] --END-- [ RunTime:0.000992s ]
ERR: 无法加载模块:__UPLOADS__

[ 2015-11-10T19:54:48+08:00 ] 127.0.0.1 /chinstgram/__UPLOAD__/images/photos/user2.png
INFO: [ app_init ] --START--
INFO: Run Behavior\BuildLiteBehavior [ RunTime:0.000014s ]
INFO: [ app_init ] --END-- [ RunTime:0.000282s ]
ERR: 无法加载模块:__UPLOAD__

[ 2015-11-10T19:54:48+08:00 ] 127.0.0.1 /chinstgram/__UPLOAD__/images/blog/blog-wide-img.jpg
INFO: [ app_init ] --START--
INFO: Run Behavior\BuildLiteBehavior [ RunTime:0.000017s ]
INFO: [ app_init ] --END-- [ RunTime:0.000346s ]
ERR: 无法加载模块:__UPLOAD__

[ 2015-11-10T19:54:48+08:00 ] 127.0.0.1 /chinstgram/Public/fonts/fonts/fontawesome-webfont-v=4.0.3.woff
INFO: [ app_init ] --START--
INFO: Run Behavior\BuildLiteBehavior [ RunTime:0.000030s ]
INFO: [ app_init ] --END-- [ RunTime:0.000437s ]
ERR: 无法加载模块:Public

[ 2015-11-10T19:54:54+08:00 ] 127.0.0.1 /chinstgram/__UPLOAD__/images/photos/user2.png
INFO: [ app_init ] --START--
INFO: Run Behavior\BuildLiteBehavior [ RunTime:0.000017s ]
INFO: [ app_init ] --END-- [ RunTime:0.000376s ]
ERR: 无法加载模块:__UPLOAD__

[ 2015-11-10T19:54:54+08:00 ] 127.0.0.1 /chinstgram/__UPLOAD__/images/blog/blog-wide-img.jpg
INFO: [ app_init ] --START--
INFO: Run Behavior\BuildLiteBehavior [ RunTime:0.000017s ]
INFO: [ app_init ] --END-- [ RunTime:0.000353s ]
ERR: 无法加载模块:__UPLOAD__

[ 2015-11-10T19:54:54+08:00 ] 127.0.0.1 /chinstgram/Public/fonts/fonts/fontawesome-webfont-v=4.0.3.woff
INFO: [ app_init ] --START--
INFO: Run Behavior\BuildLiteBehavior [ RunTime:0.000018s ]
INFO: [ app_init ] --END-- [ RunTime:0.000485s ]
ERR: 无法加载模块:Public

[ 2015-11-10T19:55:13+08:00 ] 127.0.0.1 /chinstgram/__UPLOAD__/images/photos/user2.png
INFO: [ app_init ] --START--
INFO: Run Behavior\BuildLiteBehavior [ RunTime:0.000025s ]
INFO: [ app_init ] --END-- [ RunTime:0.000642s ]
ERR: 无法加载模块:__UPLOAD__

[ 2015-11-10T19:55:13+08:00 ] 127.0.0.1 /chinstgram/__UPLOAD__/images/blog/blog-wide-img.jpg
INFO: [ app_init ] --START--
INFO: Run Behavior\BuildLiteBehavior [ RunTime:0.000025s ]
INFO: [ app_init ] --END-- [ RunTime:0.000495s ]
ERR: 无法加载模块:__UPLOAD__

[ 2015-11-10T19:55:13+08:00 ] 127.0.0.1 /chinstgram/Public/fonts/fonts/fontawesome-webfont-v=4.0.3.woff
INFO: [ app_init ] --START--
INFO: Run Behavior\BuildLiteBehavior [ RunTime:0.000011s ]
INFO: [ app_init ] --END-- [ RunTime:0.000211s ]
ERR: 无法加载模块:Public

[ 2015-11-10T19:55:31+08:00 ] 127.0.0.1 /chinstgram/__UPLOADS__/images/photos/user2.png
INFO: [ app_init ] --START--
INFO: Run Behavior\BuildLiteBehavior [ RunTime:0.000015s ]
INFO: [ app_init ] --END-- [ RunTime:0.000293s ]
ERR: 无法加载模块:__UPLOADS__

[ 2015-11-10T19:55:31+08:00 ] 127.0.0.1 /chinstgram/__UPLOAD__/images/blog/blog-wide-img.jpg
INFO: [ app_init ] --START--
INFO: Run Behavior\BuildLiteBehavior [ RunTime:0.000019s ]
INFO: [ app_init ] --END-- [ RunTime:0.000346s ]
ERR: 无法加载模块:__UPLOAD__

[ 2015-11-10T19:55:31+08:00 ] 127.0.0.1 /chinstgram/__UPLOAD__/images/photos/user2.png
INFO: [ app_init ] --START--
INFO: Run Behavior\BuildLiteBehavior [ RunTime:0.000022s ]
INFO: [ app_init ] --END-- [ RunTime:0.000726s ]
ERR: 无法加载模块:__UPLOAD__

[ 2015-11-10T19:55:31+08:00 ] 127.0.0.1 /chinstgram/Public/fonts/fonts/fontawesome-webfont-v=4.0.3.woff
INFO: [ app_init ] --START--
INFO: Run Behavior\BuildLiteBehavior [ RunTime:0.000017s ]
INFO: [ app_init ] --END-- [ RunTime:0.000869s ]
ERR: 无法加载模块:Public

[ 2015-11-10T19:55:37+08:00 ] 127.0.0.1 /chinstgram/__UPLOAD__/images/blog/blog-wide-img.jpg
INFO: [ app_init ] --START--
INFO: Run Behavior\BuildLiteBehavior [ RunTime:0.000014s ]
INFO: [ app_init ] --END-- [ RunTime:0.000293s ]
ERR: 无法加载模块:__UPLOAD__

[ 2015-11-10T19:55:37+08:00 ] 127.0.0.1 /chinstgram/__UPLOAD__/images/photos/user2.png
INFO: [ app_init ] --START--
INFO: Run Behavior\BuildLiteBehavior [ RunTime:0.000023s ]
INFO: [ app_init ] --END-- [ RunTime:0.000457s ]
ERR: 无法加载模块:__UPLOAD__

[ 2015-11-10T19:55:37+08:00 ] 127.0.0.1 /chinstgram/Public/fonts/fonts/fontawesome-webfont-v=4.0.3.woff
INFO: [ app_init ] --START--
INFO: Run Behavior\BuildLiteBehavior [ RunTime:0.000017s ]
INFO: [ app_init ] --END-- [ RunTime:0.000386s ]
ERR: 无法加载模块:Public

[ 2015-11-10T19:55:43+08:00 ] 127.0.0.1 /chinstgram/__UPLOAD__/images/photos/user2.png
INFO: [ app_init ] --START--
INFO: Run Behavior\BuildLiteBehavior [ RunTime:0.000015s ]
INFO: [ app_init ] --END-- [ RunTime:0.000302s ]
ERR: 无法加载模块:__UPLOAD__

[ 2015-11-10T19:55:43+08:00 ] 127.0.0.1 /chinstgram/__UPLOAD__/images/blog/blog-wide-img.jpg
INFO: [ app_init ] --START--
INFO: Run Behavior\BuildLiteBehavior [ RunTime:0.000050s ]
INFO: [ app_init ] --END-- [ RunTime:0.000571s ]
ERR: 无法加载模块:__UPLOAD__

[ 2015-11-10T19:55:43+08:00 ] 127.0.0.1 /chinstgram/Public/fonts/fonts/fontawesome-webfont-v=4.0.3.woff
INFO: [ app_init ] --START--
INFO: Run Behavior\BuildLiteBehavior [ RunTime:0.000012s ]
INFO: [ app_init ] --END-- [ RunTime:0.000234s ]
ERR: 无法加载模块:Public

[ 2015-11-10T19:56:07+08:00 ] 127.0.0.1 /chinstgram/Public/fonts/fonts/fontawesome-webfont-v=4.0.3.woff
INFO: [ app_init ] --START--
INFO: Run Behavior\BuildLiteBehavior [ RunTime:0.000010s ]
INFO: [ app_init ] --END-- [ RunTime:0.000207s ]
ERR: 无法加载模块:Public

[ 2015-11-10T19:56:13+08:00 ] 127.0.0.1 /chinstgram/Public/fonts/fonts/fontawesome-webfont-v=4.0.3.woff
INFO: [ app_init ] --START--
INFO: Run Behavior\BuildLiteBehavior [ RunTime:0.000018s ]
INFO: [ app_init ] --END-- [ RunTime:0.002816s ]
ERR: 无法加载模块:Public

[ 2015-11-10T19:56:18+08:00 ] 127.0.0.1 /chinstgram/Public/fonts/fonts/fontawesome-webfont-v=4.0.3.woff
INFO: [ app_init ] --START--
INFO: Run Behavior\BuildLiteBehavior [ RunTime:0.000017s ]
INFO: [ app_init ] --END-- [ RunTime:0.000346s ]
ERR: 无法加载模块:Public

[ 2015-11-10T19:56:32+08:00 ] 127.0.0.1 /chinstgram/Public/fonts/fonts/fontawesome-webfont-v=4.0.3.woff
INFO: [ app_init ] --START--
INFO: Run Behavior\BuildLiteBehavior [ RunTime:0.000012s ]
INFO: [ app_init ] --END-- [ RunTime:0.000228s ]
ERR: 无法加载模块:Public

[ 2015-11-10T19:56:53+08:00 ] 127.0.0.1 /chinstgram/Public/fonts/fonts/fontawesome-webfont-v=4.0.3.woff
INFO: [ app_init ] --START--
INFO: Run Behavior\BuildLiteBehavior [ RunTime:0.000019s ]
INFO: [ app_init ] --END-- [ RunTime:0.000481s ]
ERR: 无法加载模块:Public

[ 2015-11-10T19:57:05+08:00 ] 127.0.0.1 /chinstgram/Public/fonts/fonts/fontawesome-webfont-v=4.0.3.woff
INFO: [ app_init ] --START--
INFO: Run Behavior\BuildLiteBehavior [ RunTime:0.000043s ]
INFO: [ app_init ] --END-- [ RunTime:0.001042s ]
ERR: 无法加载模块:Public

[ 2015-11-10T19:59:14+08:00 ] 127.0.0.1 /chinstgram/Public/fonts/fonts/fontawesome-webfont-v=4.0.3.woff
INFO: [ app_init ] --START--
INFO: Run Behavior\BuildLiteBehavior [ RunTime:0.000010s ]
INFO: [ app_init ] --END-- [ RunTime:0.000209s ]
ERR: 无法加载模块:Public

[ 2015-11-10T19:59:17+08:00 ] 127.0.0.1 /chinstgram/Public/fonts/fonts/fontawesome-webfont-v=4.0.3.woff
INFO: [ app_init ] --START--
INFO: Run Behavior\BuildLiteBehavior [ RunTime:0.000018s ]
INFO: [ app_init ] --END-- [ RunTime:0.000346s ]
ERR: 无法加载模块:Public

[ 2015-11-10T20:00:42+08:00 ] 127.0.0.1 /chinstgram/Public/fonts/fonts/fontawesome-webfont-v=4.0.3.woff
INFO: [ app_init ] --START--
INFO: Run Behavior\BuildLiteBehavior [ RunTime:0.000017s ]
INFO: [ app_init ] --END-- [ RunTime:0.000396s ]
ERR: 无法加载模块:Public

[ 2015-11-10T20:02:13+08:00 ] 127.0.0.1 /chinstgram/Public/fonts/fonts/fontawesome-webfont-v=4.0.3.woff
INFO: [ app_init ] --START--
INFO: Run Behavior\BuildLiteBehavior [ RunTime:0.000014s ]
INFO: [ app_init ] --END-- [ RunTime:0.000318s ]
ERR: 无法加载模块:Public

[ 2015-11-10T20:02:31+08:00 ] 127.0.0.1 /chinstgram/Public/fonts/fonts/fontawesome-webfont-v=4.0.3.woff
INFO: [ app_init ] --START--
INFO: Run Behavior\BuildLiteBehavior [ RunTime:0.000017s ]
INFO: [ app_init ] --END-- [ RunTime:0.000357s ]
ERR: 无法加载模块:Public

[ 2015-11-10T20:03:06+08:00 ] 127.0.0.1 /chinstgram/Public/fonts/fonts/fontawesome-webfont-v=4.0.3.woff
INFO: [ app_init ] --START--
INFO: Run Behavior\BuildLiteBehavior [ RunTime:0.000018s ]
INFO: [ app_init ] --END-- [ RunTime:0.000345s ]
ERR: 无法加载模块:Public

[ 2015-11-10T20:03:15+08:00 ] 127.0.0.1 /chinstgram/Public/fonts/fonts/fontawesome-webfont-v=4.0.3.woff
INFO: [ app_init ] --START--
INFO: Run Behavior\BuildLiteBehavior [ RunTime:0.000011s ]
INFO: [ app_init ] --END-- [ RunTime:0.000221s ]
ERR: 无法加载模块:Public

[ 2015-11-10T20:04:09+08:00 ] 127.0.0.1 /chinstgram/Public/fonts/fonts/fontawesome-webfont-v=4.0.3.woff
INFO: [ app_init ] --START--
INFO: Run Behavior\BuildLiteBehavior [ RunTime:0.000018s ]
INFO: [ app_init ] --END-- [ RunTime:0.000380s ]
ERR: 无法加载模块:Public

[ 2015-11-10T20:04:34+08:00 ] 127.0.0.1 /chinstgram/Public/fonts/fonts/fontawesome-webfont-v=4.0.3.woff
INFO: [ app_init ] --START--
INFO: Run Behavior\BuildLiteBehavior [ RunTime:0.000016s ]
INFO: [ app_init ] --END-- [ RunTime:0.000293s ]
ERR: 无法加载模块:Public

[ 2015-11-10T20:04:36+08:00 ] 127.0.0.1 /chinstgram/Public/fonts/fonts/fontawesome-webfont-v=4.0.3.woff
INFO: [ app_init ] --START--
INFO: Run Behavior\BuildLiteBehavior [ RunTime:0.000020s ]
INFO: [ app_init ] --END-- [ RunTime:0.000809s ]
ERR: 无法加载模块:Public

[ 2015-11-10T20:04:37+08:00 ] 127.0.0.1 /chinstgram/Public/css/home.css
INFO: [ app_init ] --START--
INFO: Run Behavior\BuildLiteBehavior [ RunTime:0.000019s ]
INFO: [ app_init ] --END-- [ RunTime:0.000655s ]
ERR: 无法加载模块:Public

[ 2015-11-10T20:04:37+08:00 ] 127.0.0.1 /chinstgram/Public/fonts/fonts/fontawesome-webfont-v=4.0.3.woff
INFO: [ app_init ] --START--
INFO: Run Behavior\BuildLiteBehavior [ RunTime:0.000017s ]
INFO: [ app_init ] --END-- [ RunTime:0.000365s ]
ERR: 无法加载模块:Public

[ 2015-11-10T20:04:39+08:00 ] 127.0.0.1 /chinstgram/Public/fonts/fonts/fontawesome-webfont-v=4.0.3.woff
INFO: [ app_init ] --START--
INFO: Run Behavior\BuildLiteBehavior [ RunTime:0.000016s ]
INFO: [ app_init ] --END-- [ RunTime:0.000321s ]
ERR: 无法加载模块:Public

[ 2015-11-10T20:06:23+08:00 ] 127.0.0.1 /chinstgram/Public/fonts/fonts/fontawesome-webfont-v=4.0.3.woff
INFO: [ app_init ] --START--
INFO: Run Behavior\BuildLiteBehavior [ RunTime:0.000017s ]
INFO: [ app_init ] --END-- [ RunTime:0.000377s ]
ERR: 无法加载模块:Public

[ 2015-11-10T20:09:50+08:00 ] 127.0.0.1 /chinstgram/Public/css/home.css
INFO: [ app_init ] --START--
INFO: Run Behavior\BuildLiteBehavior [ RunTime:0.000016s ]
INFO: [ app_init ] --END-- [ RunTime:0.000616s ]
ERR: 无法加载模块:Public

[ 2015-11-10T20:09:51+08:00 ] 127.0.0.1 /chinstgram/Public/fonts/fonts/fontawesome-webfont-v=4.0.3.woff
INFO: [ app_init ] --START--
INFO: Run Behavior\BuildLiteBehavior [ RunTime:0.000009s ]
INFO: [ app_init ] --END-- [ RunTime:0.000198s ]
ERR: 无法加载模块:Public

[ 2015-11-10T20:09:57+08:00 ] 127.0.0.1 /chinstgram/Public/fonts/fonts/fontawesome-webfont-v=4.0.3.woff
INFO: [ app_init ] --START--
INFO: Run Behavior\BuildLiteBehavior [ RunTime:0.000015s ]
INFO: [ app_init ] --END-- [ RunTime:0.000253s ]
ERR: 无法加载模块:Public

[ 2015-11-10T20:10:04+08:00 ] 127.0.0.1 /chinstgram/Public/css/home.css
INFO: [ app_init ] --START--
INFO: Run Behavior\BuildLiteBehavior [ RunTime:0.000013s ]
INFO: [ app_init ] --END-- [ RunTime:0.000298s ]
ERR: 无法加载模块:Public

[ 2015-11-10T20:10:04+08:00 ] 127.0.0.1 /chinstgram/Public/fonts/fonts/fontawesome-webfont-v=4.0.3.woff
INFO: [ app_init ] --START--
INFO: Run Behavior\BuildLiteBehavior [ RunTime:0.000010s ]
INFO: [ app_init ] --END-- [ RunTime:0.000200s ]
ERR: 无法加载模块:Public

[ 2015-11-10T20:10:17+08:00 ] 127.0.0.1 /chinstgram/Public/fonts/fonts/fontawesome-webfont-v=4.0.3.woff
INFO: [ app_init ] --START--
INFO: Run Behavior\BuildLiteBehavior [ RunTime:0.000020s ]
INFO: [ app_init ] --END-- [ RunTime:0.000753s ]
ERR: 无法加载模块:Public

[ 2015-11-10T20:10:28+08:00 ] 127.0.0.1 /chinstgram/Public/fonts/fonts/fontawesome-webfont-v=4.0.3.woff
INFO: [ app_init ] --START--
INFO: Run Behavior\BuildLiteBehavior [ RunTime:0.000019s ]
INFO: [ app_init ] --END-- [ RunTime:0.000332s ]
ERR: 无法加载模块:Public

[ 2015-11-10T20:11:31+08:00 ] 127.0.0.1 /chinstgram/Public/fonts/fonts/fontawesome-webfont-v=4.0.3.woff
INFO: [ app_init ] --START--
INFO: Run Behavior\BuildLiteBehavior [ RunTime:0.000012s ]
INFO: [ app_init ] --END-- [ RunTime:0.000274s ]
ERR: 无法加载模块:Public

[ 2015-11-10T20:19:08+08:00 ] 127.0.0.1 /chinstgram/Public/fonts/fonts/fontawesome-webfont-v=4.0.3.woff
INFO: [ app_init ] --START--
INFO: Run Behavior\BuildLiteBehavior [ RunTime:0.000017s ]
INFO: [ app_init ] --END-- [ RunTime:0.000359s ]
ERR: 无法加载模块:Public

[ 2015-11-10T20:44:36+08:00 ] 127.0.0.1 /chinstgram/Public/fonts/fonts/fontawesome-webfont-v=4.0.3.woff
INFO: [ app_init ] --START--
INFO: Run Behavior\BuildLiteBehavior [ RunTime:0.000009s ]
INFO: [ app_init ] --END-- [ RunTime:0.000195s ]
ERR: 无法加载模块:Public

[ 2015-11-10T20:44:38+08:00 ] 127.0.0.1 /chinstgram/Uploads/images/photos/user-avatar.png
INFO: [ app_init ] --START--
INFO: Run Behavior\BuildLiteBehavior [ RunTime:0.000023s ]
INFO: [ app_init ] --END-- [ RunTime:0.000405s ]
ERR: 无法加载模块:Uploads

[ 2015-11-10T20:44:38+08:00 ] 127.0.0.1 /chinstgram/Uploads/images/photos/user2.png
INFO: [ app_init ] --START--
INFO: Run Behavior\BuildLiteBehavior [ RunTime:0.000010s ]
INFO: [ app_init ] --END-- [ RunTime:0.000197s ]
ERR: 无法加载模块:Uploads

[ 2015-11-10T20:44:38+08:00 ] 127.0.0.1 /chinstgram/Uploads/images/blog/blog-wide-img.jpg
INFO: [ app_init ] --START--
INFO: Run Behavior\BuildLiteBehavior [ RunTime:0.000014s ]
INFO: [ app_init ] --END-- [ RunTime:0.000239s ]
ERR: 无法加载模块:Uploads

[ 2015-11-10T20:44:38+08:00 ] 127.0.0.1 /chinstgram/Public/fonts/fonts/fontawesome-webfont-v=4.0.3.woff
INFO: [ app_init ] --START--
INFO: Run Behavior\BuildLiteBehavior [ RunTime:0.000023s ]
INFO: [ app_init ] --END-- [ RunTime:0.000471s ]
ERR: 无法加载模块:Public

[ 2015-11-10T20:45:28+08:00 ] 127.0.0.1 /chinstgram/Uploads/avatar_default.jpg
INFO: [ app_init ] --START--
INFO: Run Behavior\BuildLiteBehavior [ RunTime:0.000014s ]
INFO: [ app_init ] --END-- [ RunTime:0.000274s ]
ERR: 无法加载模块:Uploads

[ 2015-11-10T20:45:28+08:00 ] 127.0.0.1 /chinstgram/Uploads/images/photos/user2.png
INFO: [ app_init ] --START--
INFO: Run Behavior\BuildLiteBehavior [ RunTime:0.000025s ]
INFO: [ app_init ] --END-- [ RunTime:0.000507s ]
ERR: 无法加载模块:Uploads

[ 2015-11-10T20:45:28+08:00 ] 127.0.0.1 /chinstgram/Uploads/images/blog/blog-wide-img.jpg
INFO: [ app_init ] --START--
INFO: Run Behavior\BuildLiteBehavior [ RunTime:0.000026s ]
INFO: [ app_init ] --END-- [ RunTime:0.000452s ]
ERR: 无法加载模块:Uploads

[ 2015-11-10T20:45:28+08:00 ] 127.0.0.1 /chinstgram/Public/fonts/fonts/fontawesome-webfont-v=4.0.3.woff
INFO: [ app_init ] --START--
INFO: Run Behavior\BuildLiteBehavior [ RunTime:0.000015s ]
INFO: [ app_init ] --END-- [ RunTime:0.000342s ]
ERR: 无法加载模块:Public

[ 2015-11-10T20:45:36+08:00 ] 127.0.0.1 /chinstgram/Uploads/images/blog/blog-wide-img.jpg
INFO: [ app_init ] --START--
INFO: Run Behavior\BuildLiteBehavior [ RunTime:0.000017s ]
INFO: [ app_init ] --END-- [ RunTime:0.000403s ]
ERR: 无法加载模块:Uploads

[ 2015-11-10T20:45:36+08:00 ] 127.0.0.1 /chinstgram/Uploads/images/photos/user2.png
INFO: [ app_init ] --START--
INFO: Run Behavior\BuildLiteBehavior [ RunTime:0.000016s ]
INFO: [ app_init ] --END-- [ RunTime:0.000308s ]
ERR: 无法加载模块:Uploads

[ 2015-11-10T20:45:36+08:00 ] 127.0.0.1 /chinstgram/Public/fonts/fonts/fontawesome-webfont-v=4.0.3.woff
INFO: [ app_init ] --START--
INFO: Run Behavior\BuildLiteBehavior [ RunTime:0.000011s ]
INFO: [ app_init ] --END-- [ RunTime:0.000222s ]
ERR: 无法加载模块:Public

[ 2015-11-10T20:46:03+08:00 ] 127.0.0.1 /chinstgram/Uploads/images/photos/user2.png
INFO: [ app_init ] --START--
INFO: Run Behavior\BuildLiteBehavior [ RunTime:0.000022s ]
INFO: [ app_init ] --END-- [ RunTime:0.000458s ]
ERR: 无法加载模块:Uploads

[ 2015-11-10T20:46:03+08:00 ] 127.0.0.1 /chinstgram/Uploads/images/blog/blog-wide-img.jpg
INFO: [ app_init ] --START--
INFO: Run Behavior\BuildLiteBehavior [ RunTime:0.000016s ]
INFO: [ app_init ] --END-- [ RunTime:0.000361s ]
ERR: 无法加载模块:Uploads

[ 2015-11-10T20:46:03+08:00 ] 127.0.0.1 /chinstgram/Public/fonts/fonts/fontawesome-webfont-v=4.0.3.woff
INFO: [ app_init ] --START--
INFO: Run Behavior\BuildLiteBehavior [ RunTime:0.000009s ]
INFO: [ app_init ] --END-- [ RunTime:0.000194s ]
ERR: 无法加载模块:Public

[ 2015-11-10T20:46:34+08:00 ] 127.0.0.1 /chinstgram/Uploads/images/photos/user2.png
INFO: [ app_init ] --START--
INFO: Run Behavior\BuildLiteBehavior [ RunTime:0.000013s ]
INFO: [ app_init ] --END-- [ RunTime:0.000299s ]
ERR: 无法加载模块:Uploads

[ 2015-11-10T20:46:34+08:00 ] 127.0.0.1 /chinstgram/Uploads/images/blog/blog-wide-img.jpg
INFO: [ app_init ] --START--
INFO: Run Behavior\BuildLiteBehavior [ RunTime:0.000008s ]
INFO: [ app_init ] --END-- [ RunTime:0.000187s ]
ERR: 无法加载模块:Uploads

[ 2015-11-10T20:46:34+08:00 ] 127.0.0.1 /chinstgram/Public/fonts/fonts/fontawesome-webfont-v=4.0.3.woff
INFO: [ app_init ] --START--
INFO: Run Behavior\BuildLiteBehavior [ RunTime:0.000012s ]
INFO: [ app_init ] --END-- [ RunTime:0.000218s ]
ERR: 无法加载模块:Public

[ 2015-11-10T20:47:24+08:00 ] 127.0.0.1 /chinstgram/Uploads/images/blog/blog-wide-img.jpg
INFO: [ app_init ] --START--
INFO: Run Behavior\BuildLiteBehavior [ RunTime:0.000034s ]
INFO: [ app_init ] --END-- [ RunTime:0.000605s ]
ERR: 无法加载模块:Uploads

[ 2015-11-10T20:47:24+08:00 ] 127.0.0.1 /chinstgram/Public/fonts/fonts/fontawesome-webfont-v=4.0.3.woff
INFO: [ app_init ] --START--
INFO: Run Behavior\BuildLiteBehavior [ RunTime:0.000009s ]
INFO: [ app_init ] --END-- [ RunTime:0.000231s ]
ERR: 无法加载模块:Public

[ 2015-11-10T20:47:47+08:00 ] 127.0.0.1 /chinstgram/Uploads/images/blog/blog-wide-img.jpg
INFO: [ app_init ] --START--
INFO: Run Behavior\BuildLiteBehavior [ RunTime:0.000011s ]
INFO: [ app_init ] --END-- [ RunTime:0.000271s ]
ERR: 无法加载模块:Uploads

[ 2015-11-10T20:47:47+08:00 ] 127.0.0.1 /chinstgram/Public/fonts/fonts/fontawesome-webfont-v=4.0.3.woff
INFO: [ app_init ] --START--
INFO: Run Behavior\BuildLiteBehavior [ RunTime:0.000010s ]
INFO: [ app_init ] --END-- [ RunTime:0.000199s ]
ERR: 无法加载模块:Public

